{"C:\\Users\\nazar\\OneDrive\\Документы\\JS Projects\\order_application_for_sewing\\index.js": {"path":"C:\\Users\\nazar\\OneDrive\\Документы\\JS Projects\\order_application_for_sewing\\index.js","statementMap":{"0":{"start":{"line":3,"column":12},"end":{"line":3,"column":26}},"1":{"start":{"line":4,"column":19},"end":{"line":4,"column":44}},"2":{"start":{"line":5,"column":19},"end":{"line":5,"column":45}},"3":{"start":{"line":6,"column":15},"end":{"line":6,"column":33}},"4":{"start":{"line":8,"column":15},"end":{"line":8,"column":24}},"5":{"start":{"line":9,"column":13},"end":{"line":9,"column":37}},"6":{"start":{"line":11,"column":0},"end":{"line":16,"column":3}},"7":{"start":{"line":18,"column":0},"end":{"line":18,"column":25}},"8":{"start":{"line":19,"column":0},"end":{"line":19,"column":19}},"9":{"start":{"line":21,"column":0},"end":{"line":23,"column":3}},"10":{"start":{"line":22,"column":2},"end":{"line":22,"column":51}},"11":{"start":{"line":24,"column":0},"end":{"line":24,"column":21}}},"fnMap":{"0":{"name":"(anonymous_0)","decl":{"start":{"line":21,"column":20},"end":{"line":21,"column":21}},"loc":{"start":{"line":21,"column":26},"end":{"line":23,"column":1}},"line":21}},"branchMap":{"0":{"loc":{"start":{"line":9,"column":13},"end":{"line":9,"column":37}},"type":"binary-expr","locations":[{"start":{"line":9,"column":13},"end":{"line":9,"column":29}},{"start":{"line":9,"column":33},"end":{"line":9,"column":37}}],"line":9}},"s":{"0":1,"1":1,"2":1,"3":1,"4":1,"5":1,"6":1,"7":1,"8":1,"9":1,"10":0,"11":1},"f":{"0":0},"b":{"0":[1,1]},"_coverageSchema":"1a1c01bbd47fc00a2c39e90264f33305004495a9","hash":"0e82f5ca667869eb52978740577ec7e92c50ffdb"}
,"C:\\Users\\nazar\\OneDrive\\Документы\\JS Projects\\order_application_for_sewing\\src\\router.js": {"path":"C:\\Users\\nazar\\OneDrive\\Документы\\JS Projects\\order_application_for_sewing\\src\\router.js","statementMap":{"0":{"start":{"line":2,"column":0},"end":{"line":2,"column":27}},"1":{"start":{"line":3,"column":15},"end":{"line":3,"column":36}},"2":{"start":{"line":4,"column":22},"end":{"line":4,"column":56}},"3":{"start":{"line":5,"column":20},"end":{"line":5,"column":55}},"4":{"start":{"line":6,"column":22},"end":{"line":6,"column":59}},"5":{"start":{"line":7,"column":24},"end":{"line":7,"column":63}},"6":{"start":{"line":8,"column":20},"end":{"line":8,"column":55}},"7":{"start":{"line":9,"column":20},"end":{"line":9,"column":55}},"8":{"start":{"line":10,"column":29},"end":{"line":10,"column":74}},"9":{"start":{"line":11,"column":29},"end":{"line":11,"column":74}},"10":{"start":{"line":12,"column":21},"end":{"line":12,"column":57}},"11":{"start":{"line":14,"column":15},"end":{"line":14,"column":27}},"12":{"start":{"line":16,"column":0},"end":{"line":206,"column":5}},"13":{"start":{"line":18,"column":4},"end":{"line":18,"column":30}},"14":{"start":{"line":21,"column":4},"end":{"line":21,"column":30}},"15":{"start":{"line":24,"column":4},"end":{"line":24,"column":30}},"16":{"start":{"line":27,"column":22},"end":{"line":27,"column":120}},"17":{"start":{"line":28,"column":4},"end":{"line":31,"column":35}},"18":{"start":{"line":29,"column":20},"end":{"line":29,"column":63}},"19":{"start":{"line":30,"column":6},"end":{"line":30,"column":36}},"20":{"start":{"line":31,"column":11},"end":{"line":31,"column":35}},"21":{"start":{"line":34,"column":4},"end":{"line":34,"column":37}},"22":{"start":{"line":37,"column":22},"end":{"line":37,"column":85}},"23":{"start":{"line":38,"column":4},"end":{"line":46,"column":5}},"24":{"start":{"line":39,"column":6},"end":{"line":39,"column":30}},"25":{"start":{"line":41,"column":6},"end":{"line":41,"column":89}},"26":{"start":{"line":42,"column":20},"end":{"line":42,"column":63}},"27":{"start":{"line":43,"column":6},"end":{"line":45,"column":8}},"28":{"start":{"line":49,"column":17},"end":{"line":49,"column":74}},"29":{"start":{"line":50,"column":4},"end":{"line":60,"column":5}},"30":{"start":{"line":51,"column":6},"end":{"line":57,"column":7}},"31":{"start":{"line":52,"column":8},"end":{"line":52,"column":94}},"32":{"start":{"line":53,"column":22},"end":{"line":53,"column":117}},"33":{"start":{"line":54,"column":8},"end":{"line":54,"column":38}},"34":{"start":{"line":56,"column":8},"end":{"line":56,"column":50}},"35":{"start":{"line":59,"column":6},"end":{"line":59,"column":30}},"36":{"start":{"line":63,"column":17},"end":{"line":63,"column":74}},"37":{"start":{"line":64,"column":4},"end":{"line":104,"column":5}},"38":{"start":{"line":65,"column":19},"end":{"line":65,"column":93}},"39":{"start":{"line":66,"column":22},"end":{"line":66,"column":57}},"40":{"start":{"line":67,"column":20},"end":{"line":67,"column":51}},"41":{"start":{"line":68,"column":20},"end":{"line":68,"column":51}},"42":{"start":{"line":69,"column":23},"end":{"line":69,"column":73}},"43":{"start":{"line":70,"column":6},"end":{"line":89,"column":7}},"44":{"start":{"line":71,"column":31},"end":{"line":71,"column":91}},"45":{"start":{"line":72,"column":31},"end":{"line":72,"column":91}},"46":{"start":{"line":73,"column":8},"end":{"line":80,"column":9}},"47":{"start":{"line":73,"column":21},"end":{"line":73,"column":22}},"48":{"start":{"line":74,"column":10},"end":{"line":79,"column":11}},"49":{"start":{"line":74,"column":23},"end":{"line":74,"column":24}},"50":{"start":{"line":75,"column":12},"end":{"line":78,"column":13}},"51":{"start":{"line":76,"column":14},"end":{"line":76,"column":36}},"52":{"start":{"line":77,"column":14},"end":{"line":77,"column":20}},"53":{"start":{"line":81,"column":8},"end":{"line":88,"column":9}},"54":{"start":{"line":81,"column":21},"end":{"line":81,"column":22}},"55":{"start":{"line":82,"column":10},"end":{"line":87,"column":11}},"56":{"start":{"line":82,"column":23},"end":{"line":82,"column":24}},"57":{"start":{"line":83,"column":12},"end":{"line":86,"column":13}},"58":{"start":{"line":84,"column":14},"end":{"line":84,"column":36}},"59":{"start":{"line":85,"column":14},"end":{"line":85,"column":20}},"60":{"start":{"line":90,"column":6},"end":{"line":101,"column":9}},"61":{"start":{"line":103,"column":6},"end":{"line":103,"column":59}},"62":{"start":{"line":107,"column":17},"end":{"line":107,"column":74}},"63":{"start":{"line":108,"column":4},"end":{"line":113,"column":5}},"64":{"start":{"line":109,"column":6},"end":{"line":109,"column":133}},"65":{"start":{"line":110,"column":6},"end":{"line":110,"column":30}},"66":{"start":{"line":112,"column":6},"end":{"line":112,"column":29}},"67":{"start":{"line":116,"column":17},"end":{"line":116,"column":74}},"68":{"start":{"line":117,"column":4},"end":{"line":127,"column":5}},"69":{"start":{"line":118,"column":26},"end":{"line":118,"column":146}},"70":{"start":{"line":119,"column":6},"end":{"line":124,"column":7}},"71":{"start":{"line":120,"column":8},"end":{"line":120,"column":189}},"72":{"start":{"line":121,"column":8},"end":{"line":121,"column":32}},"73":{"start":{"line":123,"column":8},"end":{"line":123,"column":32}},"74":{"start":{"line":126,"column":6},"end":{"line":126,"column":29}},"75":{"start":{"line":130,"column":17},"end":{"line":130,"column":74}},"76":{"start":{"line":131,"column":4},"end":{"line":141,"column":5}},"77":{"start":{"line":132,"column":26},"end":{"line":132,"column":146}},"78":{"start":{"line":133,"column":6},"end":{"line":138,"column":7}},"79":{"start":{"line":134,"column":8},"end":{"line":134,"column":196}},"80":{"start":{"line":135,"column":8},"end":{"line":135,"column":32}},"81":{"start":{"line":137,"column":8},"end":{"line":137,"column":32}},"82":{"start":{"line":140,"column":6},"end":{"line":140,"column":29}},"83":{"start":{"line":144,"column":18},"end":{"line":144,"column":49}},"84":{"start":{"line":145,"column":18},"end":{"line":145,"column":49}},"85":{"start":{"line":146,"column":20},"end":{"line":146,"column":55}},"86":{"start":{"line":147,"column":4},"end":{"line":147,"column":61}},"87":{"start":{"line":150,"column":22},"end":{"line":150,"column":156}},"88":{"start":{"line":151,"column":4},"end":{"line":151,"column":56}},"89":{"start":{"line":154,"column":17},"end":{"line":154,"column":74}},"90":{"start":{"line":155,"column":4},"end":{"line":160,"column":34}},"91":{"start":{"line":156,"column":20},"end":{"line":156,"column":51}},"92":{"start":{"line":157,"column":20},"end":{"line":157,"column":51}},"93":{"start":{"line":158,"column":22},"end":{"line":158,"column":57}},"94":{"start":{"line":159,"column":6},"end":{"line":159,"column":66}},"95":{"start":{"line":160,"column":11},"end":{"line":160,"column":34}},"96":{"start":{"line":163,"column":17},"end":{"line":163,"column":74}},"97":{"start":{"line":164,"column":4},"end":{"line":168,"column":34}},"98":{"start":{"line":165,"column":6},"end":{"line":166,"column":86}},"99":{"start":{"line":167,"column":6},"end":{"line":167,"column":30}},"100":{"start":{"line":168,"column":11},"end":{"line":168,"column":34}},"101":{"start":{"line":171,"column":18},"end":{"line":171,"column":49}},"102":{"start":{"line":172,"column":18},"end":{"line":172,"column":49}},"103":{"start":{"line":173,"column":20},"end":{"line":173,"column":55}},"104":{"start":{"line":174,"column":4},"end":{"line":174,"column":58}},"105":{"start":{"line":177,"column":19},"end":{"line":177,"column":147}},"106":{"start":{"line":178,"column":4},"end":{"line":178,"column":49}},"107":{"start":{"line":181,"column":17},"end":{"line":181,"column":74}},"108":{"start":{"line":182,"column":4},"end":{"line":187,"column":34}},"109":{"start":{"line":183,"column":22},"end":{"line":183,"column":97}},"110":{"start":{"line":184,"column":31},"end":{"line":184,"column":93}},"111":{"start":{"line":185,"column":33},"end":{"line":185,"column":96}},"112":{"start":{"line":186,"column":6},"end":{"line":186,"column":83}},"113":{"start":{"line":187,"column":11},"end":{"line":187,"column":34}},"114":{"start":{"line":190,"column":17},"end":{"line":190,"column":74}},"115":{"start":{"line":191,"column":4},"end":{"line":195,"column":34}},"116":{"start":{"line":192,"column":22},"end":{"line":192,"column":97}},"117":{"start":{"line":193,"column":6},"end":{"line":193,"column":88}},"118":{"start":{"line":194,"column":6},"end":{"line":194,"column":38}},"119":{"start":{"line":195,"column":11},"end":{"line":195,"column":34}},"120":{"start":{"line":198,"column":4},"end":{"line":198,"column":40}},"121":{"start":{"line":201,"column":17},"end":{"line":201,"column":76}},"122":{"start":{"line":202,"column":4},"end":{"line":205,"column":35}},"123":{"start":{"line":203,"column":6},"end":{"line":203,"column":51}},"124":{"start":{"line":204,"column":6},"end":{"line":204,"column":30}},"125":{"start":{"line":205,"column":11},"end":{"line":205,"column":35}},"126":{"start":{"line":208,"column":0},"end":{"line":208,"column":33}}},"fnMap":{"0":{"name":"(anonymous_0)","decl":{"start":{"line":17,"column":12},"end":{"line":17,"column":13}},"loc":{"start":{"line":17,"column":25},"end":{"line":19,"column":3}},"line":17},"1":{"name":"(anonymous_1)","decl":{"start":{"line":20,"column":17},"end":{"line":20,"column":18}},"loc":{"start":{"line":20,"column":30},"end":{"line":22,"column":3}},"line":20},"2":{"name":"(anonymous_2)","decl":{"start":{"line":23,"column":17},"end":{"line":23,"column":18}},"loc":{"start":{"line":23,"column":30},"end":{"line":25,"column":3}},"line":23},"3":{"name":"(anonymous_3)","decl":{"start":{"line":26,"column":18},"end":{"line":26,"column":19}},"loc":{"start":{"line":26,"column":31},"end":{"line":32,"column":3}},"line":26},"4":{"name":"(anonymous_4)","decl":{"start":{"line":33,"column":24},"end":{"line":33,"column":25}},"loc":{"start":{"line":33,"column":37},"end":{"line":35,"column":3}},"line":33},"5":{"name":"(anonymous_5)","decl":{"start":{"line":36,"column":25},"end":{"line":36,"column":26}},"loc":{"start":{"line":36,"column":38},"end":{"line":47,"column":3}},"line":36},"6":{"name":"(anonymous_6)","decl":{"start":{"line":48,"column":28},"end":{"line":48,"column":29}},"loc":{"start":{"line":48,"column":41},"end":{"line":61,"column":3}},"line":48},"7":{"name":"(anonymous_7)","decl":{"start":{"line":62,"column":21},"end":{"line":62,"column":22}},"loc":{"start":{"line":62,"column":34},"end":{"line":105,"column":3}},"line":62},"8":{"name":"(anonymous_8)","decl":{"start":{"line":106,"column":30},"end":{"line":106,"column":31}},"loc":{"start":{"line":106,"column":43},"end":{"line":114,"column":3}},"line":106},"9":{"name":"(anonymous_9)","decl":{"start":{"line":115,"column":31},"end":{"line":115,"column":32}},"loc":{"start":{"line":115,"column":44},"end":{"line":128,"column":3}},"line":115},"10":{"name":"(anonymous_10)","decl":{"start":{"line":129,"column":31},"end":{"line":129,"column":32}},"loc":{"start":{"line":129,"column":44},"end":{"line":142,"column":3}},"line":129},"11":{"name":"(anonymous_11)","decl":{"start":{"line":143,"column":21},"end":{"line":143,"column":22}},"loc":{"start":{"line":143,"column":34},"end":{"line":148,"column":3}},"line":143},"12":{"name":"(anonymous_12)","decl":{"start":{"line":149,"column":32},"end":{"line":149,"column":33}},"loc":{"start":{"line":149,"column":45},"end":{"line":152,"column":3}},"line":149},"13":{"name":"(anonymous_13)","decl":{"start":{"line":153,"column":24},"end":{"line":153,"column":25}},"loc":{"start":{"line":153,"column":37},"end":{"line":161,"column":3}},"line":153},"14":{"name":"(anonymous_14)","decl":{"start":{"line":162,"column":25},"end":{"line":162,"column":26}},"loc":{"start":{"line":162,"column":38},"end":{"line":169,"column":3}},"line":162},"15":{"name":"(anonymous_15)","decl":{"start":{"line":170,"column":18},"end":{"line":170,"column":19}},"loc":{"start":{"line":170,"column":31},"end":{"line":175,"column":3}},"line":170},"16":{"name":"(anonymous_16)","decl":{"start":{"line":176,"column":29},"end":{"line":176,"column":30}},"loc":{"start":{"line":176,"column":42},"end":{"line":179,"column":3}},"line":176},"17":{"name":"(anonymous_17)","decl":{"start":{"line":180,"column":26},"end":{"line":180,"column":27}},"loc":{"start":{"line":180,"column":39},"end":{"line":188,"column":3}},"line":180},"18":{"name":"(anonymous_18)","decl":{"start":{"line":189,"column":30},"end":{"line":189,"column":31}},"loc":{"start":{"line":189,"column":43},"end":{"line":196,"column":3}},"line":189},"19":{"name":"(anonymous_19)","decl":{"start":{"line":197,"column":27},"end":{"line":197,"column":28}},"loc":{"start":{"line":197,"column":40},"end":{"line":199,"column":3}},"line":197},"20":{"name":"(anonymous_20)","decl":{"start":{"line":200,"column":28},"end":{"line":200,"column":29}},"loc":{"start":{"line":200,"column":41},"end":{"line":206,"column":3}},"line":200}},"branchMap":{"0":{"loc":{"start":{"line":28,"column":4},"end":{"line":31,"column":35}},"type":"if","locations":[{"start":{"line":28,"column":4},"end":{"line":31,"column":35}},{"start":{"line":28,"column":4},"end":{"line":31,"column":35}}],"line":28},"1":{"loc":{"start":{"line":38,"column":4},"end":{"line":46,"column":5}},"type":"if","locations":[{"start":{"line":38,"column":4},"end":{"line":46,"column":5}},{"start":{"line":38,"column":4},"end":{"line":46,"column":5}}],"line":38},"2":{"loc":{"start":{"line":50,"column":4},"end":{"line":60,"column":5}},"type":"if","locations":[{"start":{"line":50,"column":4},"end":{"line":60,"column":5}},{"start":{"line":50,"column":4},"end":{"line":60,"column":5}}],"line":50},"3":{"loc":{"start":{"line":51,"column":6},"end":{"line":57,"column":7}},"type":"if","locations":[{"start":{"line":51,"column":6},"end":{"line":57,"column":7}},{"start":{"line":51,"column":6},"end":{"line":57,"column":7}}],"line":51},"4":{"loc":{"start":{"line":64,"column":4},"end":{"line":104,"column":5}},"type":"if","locations":[{"start":{"line":64,"column":4},"end":{"line":104,"column":5}},{"start":{"line":64,"column":4},"end":{"line":104,"column":5}}],"line":64},"5":{"loc":{"start":{"line":70,"column":6},"end":{"line":89,"column":7}},"type":"if","locations":[{"start":{"line":70,"column":6},"end":{"line":89,"column":7}},{"start":{"line":70,"column":6},"end":{"line":89,"column":7}}],"line":70},"6":{"loc":{"start":{"line":75,"column":12},"end":{"line":78,"column":13}},"type":"if","locations":[{"start":{"line":75,"column":12},"end":{"line":78,"column":13}},{"start":{"line":75,"column":12},"end":{"line":78,"column":13}}],"line":75},"7":{"loc":{"start":{"line":83,"column":12},"end":{"line":86,"column":13}},"type":"if","locations":[{"start":{"line":83,"column":12},"end":{"line":86,"column":13}},{"start":{"line":83,"column":12},"end":{"line":86,"column":13}}],"line":83},"8":{"loc":{"start":{"line":99,"column":19},"end":{"line":99,"column":67}},"type":"cond-expr","locations":[{"start":{"line":99,"column":44},"end":{"line":99,"column":46}},{"start":{"line":99,"column":49},"end":{"line":99,"column":67}}],"line":99},"9":{"loc":{"start":{"line":100,"column":23},"end":{"line":100,"column":66}},"type":"cond-expr","locations":[{"start":{"line":100,"column":48},"end":{"line":100,"column":50}},{"start":{"line":100,"column":53},"end":{"line":100,"column":66}}],"line":100},"10":{"loc":{"start":{"line":108,"column":4},"end":{"line":113,"column":5}},"type":"if","locations":[{"start":{"line":108,"column":4},"end":{"line":113,"column":5}},{"start":{"line":108,"column":4},"end":{"line":113,"column":5}}],"line":108},"11":{"loc":{"start":{"line":117,"column":4},"end":{"line":127,"column":5}},"type":"if","locations":[{"start":{"line":117,"column":4},"end":{"line":127,"column":5}},{"start":{"line":117,"column":4},"end":{"line":127,"column":5}}],"line":117},"12":{"loc":{"start":{"line":119,"column":6},"end":{"line":124,"column":7}},"type":"if","locations":[{"start":{"line":119,"column":6},"end":{"line":124,"column":7}},{"start":{"line":119,"column":6},"end":{"line":124,"column":7}}],"line":119},"13":{"loc":{"start":{"line":131,"column":4},"end":{"line":141,"column":5}},"type":"if","locations":[{"start":{"line":131,"column":4},"end":{"line":141,"column":5}},{"start":{"line":131,"column":4},"end":{"line":141,"column":5}}],"line":131},"14":{"loc":{"start":{"line":133,"column":6},"end":{"line":138,"column":7}},"type":"if","locations":[{"start":{"line":133,"column":6},"end":{"line":138,"column":7}},{"start":{"line":133,"column":6},"end":{"line":138,"column":7}}],"line":133},"15":{"loc":{"start":{"line":155,"column":4},"end":{"line":160,"column":34}},"type":"if","locations":[{"start":{"line":155,"column":4},"end":{"line":160,"column":34}},{"start":{"line":155,"column":4},"end":{"line":160,"column":34}}],"line":155},"16":{"loc":{"start":{"line":164,"column":4},"end":{"line":168,"column":34}},"type":"if","locations":[{"start":{"line":164,"column":4},"end":{"line":168,"column":34}},{"start":{"line":164,"column":4},"end":{"line":168,"column":34}}],"line":164},"17":{"loc":{"start":{"line":182,"column":4},"end":{"line":187,"column":34}},"type":"if","locations":[{"start":{"line":182,"column":4},"end":{"line":187,"column":34}},{"start":{"line":182,"column":4},"end":{"line":187,"column":34}}],"line":182},"18":{"loc":{"start":{"line":191,"column":4},"end":{"line":195,"column":34}},"type":"if","locations":[{"start":{"line":191,"column":4},"end":{"line":195,"column":34}},{"start":{"line":191,"column":4},"end":{"line":195,"column":34}}],"line":191},"19":{"loc":{"start":{"line":202,"column":4},"end":{"line":205,"column":35}},"type":"if","locations":[{"start":{"line":202,"column":4},"end":{"line":205,"column":35}},{"start":{"line":202,"column":4},"end":{"line":205,"column":35}}],"line":202}},"s":{"0":1,"1":1,"2":1,"3":1,"4":1,"5":1,"6":1,"7":1,"8":1,"9":1,"10":1,"11":1,"12":1,"13":1,"14":1,"15":1,"16":11,"17":11,"18":11,"19":11,"20":0,"21":1,"22":1,"23":1,"24":0,"25":1,"26":1,"27":1,"28":1,"29":1,"30":1,"31":1,"32":1,"33":1,"34":0,"35":0,"36":1,"37":1,"38":1,"39":1,"40":1,"41":1,"42":1,"43":1,"44":0,"45":0,"46":0,"47":0,"48":0,"49":0,"50":0,"51":0,"52":0,"53":0,"54":0,"55":0,"56":0,"57":0,"58":0,"59":0,"60":1,"61":0,"62":1,"63":1,"64":1,"65":1,"66":0,"67":2,"68":2,"69":2,"70":2,"71":2,"72":2,"73":0,"74":0,"75":1,"76":1,"77":1,"78":1,"79":1,"80":1,"81":0,"82":0,"83":1,"84":1,"85":1,"86":1,"87":1,"88":1,"89":1,"90":1,"91":1,"92":1,"93":1,"94":1,"95":0,"96":2,"97":2,"98":2,"99":2,"100":0,"101":1,"102":1,"103":1,"104":1,"105":1,"106":1,"107":1,"108":1,"109":1,"110":1,"111":1,"112":1,"113":0,"114":1,"115":1,"116":0,"117":0,"118":0,"119":1,"120":1,"121":1,"122":1,"123":1,"124":1,"125":0,"126":1},"f":{"0":1,"1":1,"2":1,"3":11,"4":1,"5":1,"6":1,"7":1,"8":1,"9":2,"10":1,"11":1,"12":1,"13":1,"14":2,"15":1,"16":1,"17":1,"18":1,"19":1,"20":1},"b":{"0":[11,0],"1":[0,1],"2":[1,0],"3":[1,0],"4":[1,0],"5":[0,1],"6":[0,0],"7":[0,0],"8":[1,0],"9":[1,0],"10":[1,0],"11":[2,0],"12":[2,0],"13":[1,0],"14":[1,0],"15":[1,0],"16":[2,0],"17":[1,0],"18":[0,1],"19":[1,0]},"_coverageSchema":"1a1c01bbd47fc00a2c39e90264f33305004495a9","hash":"6f780ad83abf3b4fbdccd6416387b1ad0c0abad4"}
,"C:\\Users\\nazar\\OneDrive\\Документы\\JS Projects\\order_application_for_sewing\\src\\auth\\WorkWithToken.js": {"path":"C:\\Users\\nazar\\OneDrive\\Документы\\JS Projects\\order_application_for_sewing\\src\\auth\\WorkWithToken.js","statementMap":{"0":{"start":{"line":2,"column":0},"end":{"line":2,"column":27}},"1":{"start":{"line":3,"column":12},"end":{"line":3,"column":35}},"2":{"start":{"line":6,"column":16},"end":{"line":9,"column":28}},"3":{"start":{"line":10,"column":2},"end":{"line":10,"column":15}},"4":{"start":{"line":15,"column":2},"end":{"line":17,"column":5}},"5":{"start":{"line":16,"column":4},"end":{"line":16,"column":16}},"6":{"start":{"line":18,"column":2},"end":{"line":18,"column":14}},"7":{"start":{"line":21,"column":0},"end":{"line":24,"column":2}}},"fnMap":{"0":{"name":"createToken","decl":{"start":{"line":5,"column":9},"end":{"line":5,"column":20}},"loc":{"start":{"line":5,"column":27},"end":{"line":11,"column":1}},"line":5},"1":{"name":"verifyToken","decl":{"start":{"line":13,"column":15},"end":{"line":13,"column":26}},"loc":{"start":{"line":13,"column":34},"end":{"line":19,"column":1}},"line":13},"2":{"name":"(anonymous_2)","decl":{"start":{"line":15,"column":50},"end":{"line":15,"column":51}},"loc":{"start":{"line":15,"column":71},"end":{"line":17,"column":3}},"line":15}},"branchMap":{},"s":{"0":1,"1":1,"2":13,"3":13,"4":11,"5":11,"6":11,"7":1},"f":{"0":13,"1":11,"2":11},"b":{},"_coverageSchema":"1a1c01bbd47fc00a2c39e90264f33305004495a9","hash":"9448ca8350d21ac865eb1317f516783332cd7326"}
,"C:\\Users\\nazar\\OneDrive\\Документы\\JS Projects\\order_application_for_sewing\\src\\db\\Connection.js": {"path":"C:\\Users\\nazar\\OneDrive\\Документы\\JS Projects\\order_application_for_sewing\\src\\db\\Connection.js","statementMap":{"0":{"start":{"line":2,"column":0},"end":{"line":2,"column":27}},"1":{"start":{"line":4,"column":19},"end":{"line":4,"column":32}},"2":{"start":{"line":5,"column":15},"end":{"line":10,"column":2}},"3":{"start":{"line":12,"column":0},"end":{"line":16,"column":30}},"4":{"start":{"line":14,"column":4},"end":{"line":14,"column":57}},"5":{"start":{"line":16,"column":14},"end":{"line":16,"column":28}},"6":{"start":{"line":18,"column":0},"end":{"line":18,"column":24}}},"fnMap":{"0":{"name":"(anonymous_0)","decl":{"start":{"line":13,"column":8},"end":{"line":13,"column":9}},"loc":{"start":{"line":13,"column":14},"end":{"line":15,"column":3}},"line":13},"1":{"name":"(anonymous_1)","decl":{"start":{"line":16,"column":9},"end":{"line":16,"column":10}},"loc":{"start":{"line":16,"column":14},"end":{"line":16,"column":28}},"line":16}},"branchMap":{},"s":{"0":1,"1":1,"2":1,"3":1,"4":1,"5":0,"6":1},"f":{"0":1,"1":0},"b":{},"_coverageSchema":"1a1c01bbd47fc00a2c39e90264f33305004495a9","hash":"569956bd3d38e4a320a69b42570bb269b0c91777"}
,"C:\\Users\\nazar\\OneDrive\\Документы\\JS Projects\\order_application_for_sewing\\src\\db\\repository\\OrderRepository.js": {"path":"C:\\Users\\nazar\\OneDrive\\Документы\\JS Projects\\order_application_for_sewing\\src\\db\\repository\\OrderRepository.js","statementMap":{"0":{"start":{"line":3,"column":15},"end":{"line":3,"column":42}},"1":{"start":{"line":6,"column":2},"end":{"line":9,"column":36}},"2":{"start":{"line":8,"column":20},"end":{"line":8,"column":26}},"3":{"start":{"line":9,"column":18},"end":{"line":9,"column":34}},"4":{"start":{"line":13,"column":2},"end":{"line":16,"column":36}},"5":{"start":{"line":15,"column":20},"end":{"line":15,"column":26}},"6":{"start":{"line":16,"column":18},"end":{"line":16,"column":34}},"7":{"start":{"line":20,"column":2},"end":{"line":23,"column":36}},"8":{"start":{"line":22,"column":20},"end":{"line":22,"column":26}},"9":{"start":{"line":23,"column":18},"end":{"line":23,"column":34}},"10":{"start":{"line":27,"column":2},"end":{"line":30,"column":36}},"11":{"start":{"line":29,"column":20},"end":{"line":29,"column":26}},"12":{"start":{"line":30,"column":18},"end":{"line":30,"column":34}},"13":{"start":{"line":34,"column":2},"end":{"line":37,"column":36}},"14":{"start":{"line":36,"column":20},"end":{"line":36,"column":26}},"15":{"start":{"line":37,"column":18},"end":{"line":37,"column":34}},"16":{"start":{"line":41,"column":2},"end":{"line":44,"column":36}},"17":{"start":{"line":43,"column":20},"end":{"line":43,"column":26}},"18":{"start":{"line":44,"column":18},"end":{"line":44,"column":34}},"19":{"start":{"line":48,"column":2},"end":{"line":51,"column":36}},"20":{"start":{"line":50,"column":20},"end":{"line":50,"column":26}},"21":{"start":{"line":51,"column":18},"end":{"line":51,"column":34}},"22":{"start":{"line":54,"column":24},"end":{"line":54,"column":100}},"23":{"start":{"line":54,"column":30},"end":{"line":54,"column":100}},"24":{"start":{"line":56,"column":26},"end":{"line":56,"column":84}},"25":{"start":{"line":56,"column":37},"end":{"line":56,"column":84}},"26":{"start":{"line":58,"column":45},"end":{"line":111,"column":1}},"27":{"start":{"line":59,"column":15},"end":{"line":59,"column":17}},"28":{"start":{"line":60,"column":2},"end":{"line":76,"column":3}},"29":{"start":{"line":61,"column":4},"end":{"line":67,"column":62}},"30":{"start":{"line":69,"column":4},"end":{"line":75,"column":62}},"31":{"start":{"line":77,"column":2},"end":{"line":93,"column":3}},"32":{"start":{"line":78,"column":4},"end":{"line":78,"column":25}},"33":{"start":{"line":79,"column":4},"end":{"line":85,"column":5}},"34":{"start":{"line":79,"column":17},"end":{"line":79,"column":18}},"35":{"start":{"line":80,"column":6},"end":{"line":84,"column":7}},"36":{"start":{"line":81,"column":8},"end":{"line":81,"column":61}},"37":{"start":{"line":83,"column":8},"end":{"line":83,"column":64}},"38":{"start":{"line":86,"column":4},"end":{"line":88,"column":58}},"39":{"start":{"line":90,"column":4},"end":{"line":92,"column":58}},"40":{"start":{"line":94,"column":2},"end":{"line":109,"column":3}},"41":{"start":{"line":95,"column":4},"end":{"line":95,"column":25}},"42":{"start":{"line":96,"column":4},"end":{"line":102,"column":5}},"43":{"start":{"line":96,"column":17},"end":{"line":96,"column":18}},"44":{"start":{"line":97,"column":6},"end":{"line":101,"column":7}},"45":{"start":{"line":98,"column":8},"end":{"line":98,"column":54}},"46":{"start":{"line":100,"column":8},"end":{"line":100,"column":57}},"47":{"start":{"line":103,"column":4},"end":{"line":105,"column":39}},"48":{"start":{"line":107,"column":4},"end":{"line":108,"column":43}},"49":{"start":{"line":110,"column":2},"end":{"line":110,"column":16}},"50":{"start":{"line":113,"column":26},"end":{"line":113,"column":134}},"51":{"start":{"line":113,"column":49},"end":{"line":113,"column":134}},"52":{"start":{"line":115,"column":40},"end":{"line":116,"column":56}},"53":{"start":{"line":115,"column":64},"end":{"line":116,"column":56}},"54":{"start":{"line":118,"column":25},"end":{"line":121,"column":33}},"55":{"start":{"line":119,"column":2},"end":{"line":121,"column":33}},"56":{"start":{"line":123,"column":20},"end":{"line":125,"column":123}},"57":{"start":{"line":124,"column":2},"end":{"line":125,"column":123}},"58":{"start":{"line":127,"column":0},"end":{"line":135,"column":2}}},"fnMap":{"0":{"name":"createOrder","decl":{"start":{"line":5,"column":15},"end":{"line":5,"column":26}},"loc":{"start":{"line":5,"column":97},"end":{"line":10,"column":1}},"line":5},"1":{"name":"(anonymous_1)","decl":{"start":{"line":8,"column":10},"end":{"line":8,"column":11}},"loc":{"start":{"line":8,"column":20},"end":{"line":8,"column":26}},"line":8},"2":{"name":"(anonymous_2)","decl":{"start":{"line":9,"column":11},"end":{"line":9,"column":12}},"loc":{"start":{"line":9,"column":18},"end":{"line":9,"column":34}},"line":9},"3":{"name":"getOrderByAll","decl":{"start":{"line":12,"column":15},"end":{"line":12,"column":28}},"loc":{"start":{"line":12,"column":99},"end":{"line":17,"column":1}},"line":12},"4":{"name":"(anonymous_4)","decl":{"start":{"line":15,"column":10},"end":{"line":15,"column":11}},"loc":{"start":{"line":15,"column":20},"end":{"line":15,"column":26}},"line":15},"5":{"name":"(anonymous_5)","decl":{"start":{"line":16,"column":11},"end":{"line":16,"column":12}},"loc":{"start":{"line":16,"column":18},"end":{"line":16,"column":34}},"line":16},"6":{"name":"getOrderByUserIdAndAvailable","decl":{"start":{"line":19,"column":15},"end":{"line":19,"column":43}},"loc":{"start":{"line":19,"column":64},"end":{"line":24,"column":1}},"line":19},"7":{"name":"(anonymous_7)","decl":{"start":{"line":22,"column":10},"end":{"line":22,"column":11}},"loc":{"start":{"line":22,"column":20},"end":{"line":22,"column":26}},"line":22},"8":{"name":"(anonymous_8)","decl":{"start":{"line":23,"column":11},"end":{"line":23,"column":12}},"loc":{"start":{"line":23,"column":18},"end":{"line":23,"column":34}},"line":23},"9":{"name":"disableOrderByOrderId","decl":{"start":{"line":26,"column":15},"end":{"line":26,"column":36}},"loc":{"start":{"line":26,"column":56},"end":{"line":31,"column":1}},"line":26},"10":{"name":"(anonymous_10)","decl":{"start":{"line":29,"column":10},"end":{"line":29,"column":11}},"loc":{"start":{"line":29,"column":20},"end":{"line":29,"column":26}},"line":29},"11":{"name":"(anonymous_11)","decl":{"start":{"line":30,"column":11},"end":{"line":30,"column":12}},"loc":{"start":{"line":30,"column":18},"end":{"line":30,"column":34}},"line":30},"12":{"name":"getOrdersByStepsAndTypesAndRegion","decl":{"start":{"line":33,"column":15},"end":{"line":33,"column":48}},"loc":{"start":{"line":33,"column":74},"end":{"line":38,"column":1}},"line":33},"13":{"name":"(anonymous_13)","decl":{"start":{"line":36,"column":10},"end":{"line":36,"column":11}},"loc":{"start":{"line":36,"column":20},"end":{"line":36,"column":26}},"line":36},"14":{"name":"(anonymous_14)","decl":{"start":{"line":37,"column":11},"end":{"line":37,"column":12}},"loc":{"start":{"line":37,"column":18},"end":{"line":37,"column":34}},"line":37},"15":{"name":"deleteOrder","decl":{"start":{"line":40,"column":15},"end":{"line":40,"column":26}},"loc":{"start":{"line":40,"column":36},"end":{"line":45,"column":1}},"line":40},"16":{"name":"(anonymous_16)","decl":{"start":{"line":43,"column":10},"end":{"line":43,"column":11}},"loc":{"start":{"line":43,"column":20},"end":{"line":43,"column":26}},"line":43},"17":{"name":"(anonymous_17)","decl":{"start":{"line":44,"column":11},"end":{"line":44,"column":12}},"loc":{"start":{"line":44,"column":18},"end":{"line":44,"column":34}},"line":44},"18":{"name":"findLastOrder","decl":{"start":{"line":47,"column":15},"end":{"line":47,"column":28}},"loc":{"start":{"line":47,"column":31},"end":{"line":52,"column":1}},"line":47},"19":{"name":"(anonymous_19)","decl":{"start":{"line":50,"column":10},"end":{"line":50,"column":11}},"loc":{"start":{"line":50,"column":20},"end":{"line":50,"column":26}},"line":50},"20":{"name":"(anonymous_20)","decl":{"start":{"line":51,"column":11},"end":{"line":51,"column":12}},"loc":{"start":{"line":51,"column":18},"end":{"line":51,"column":34}},"line":51},"21":{"name":"(anonymous_21)","decl":{"start":{"line":54,"column":24},"end":{"line":54,"column":25}},"loc":{"start":{"line":54,"column":30},"end":{"line":54,"column":100}},"line":54},"22":{"name":"(anonymous_22)","decl":{"start":{"line":56,"column":26},"end":{"line":56,"column":27}},"loc":{"start":{"line":56,"column":37},"end":{"line":56,"column":84}},"line":56},"23":{"name":"(anonymous_23)","decl":{"start":{"line":58,"column":45},"end":{"line":58,"column":46}},"loc":{"start":{"line":58,"column":74},"end":{"line":111,"column":1}},"line":58},"24":{"name":"(anonymous_24)","decl":{"start":{"line":113,"column":26},"end":{"line":113,"column":27}},"loc":{"start":{"line":113,"column":49},"end":{"line":113,"column":134}},"line":113},"25":{"name":"(anonymous_25)","decl":{"start":{"line":115,"column":40},"end":{"line":115,"column":41}},"loc":{"start":{"line":115,"column":64},"end":{"line":116,"column":56}},"line":115},"26":{"name":"(anonymous_26)","decl":{"start":{"line":118,"column":25},"end":{"line":118,"column":26}},"loc":{"start":{"line":119,"column":2},"end":{"line":121,"column":33}},"line":119},"27":{"name":"(anonymous_27)","decl":{"start":{"line":123,"column":20},"end":{"line":123,"column":21}},"loc":{"start":{"line":124,"column":2},"end":{"line":125,"column":123}},"line":124}},"branchMap":{"0":{"loc":{"start":{"line":60,"column":2},"end":{"line":76,"column":3}},"type":"if","locations":[{"start":{"line":60,"column":2},"end":{"line":76,"column":3}},{"start":{"line":60,"column":2},"end":{"line":76,"column":3}}],"line":60},"1":{"loc":{"start":{"line":77,"column":2},"end":{"line":93,"column":3}},"type":"if","locations":[{"start":{"line":77,"column":2},"end":{"line":93,"column":3}},{"start":{"line":77,"column":2},"end":{"line":93,"column":3}}],"line":77},"2":{"loc":{"start":{"line":80,"column":6},"end":{"line":84,"column":7}},"type":"if","locations":[{"start":{"line":80,"column":6},"end":{"line":84,"column":7}},{"start":{"line":80,"column":6},"end":{"line":84,"column":7}}],"line":80},"3":{"loc":{"start":{"line":94,"column":2},"end":{"line":109,"column":3}},"type":"if","locations":[{"start":{"line":94,"column":2},"end":{"line":109,"column":3}},{"start":{"line":94,"column":2},"end":{"line":109,"column":3}}],"line":94},"4":{"loc":{"start":{"line":97,"column":6},"end":{"line":101,"column":7}},"type":"if","locations":[{"start":{"line":97,"column":6},"end":{"line":101,"column":7}},{"start":{"line":97,"column":6},"end":{"line":101,"column":7}}],"line":97}},"s":{"0":1,"1":2,"2":2,"3":0,"4":2,"5":2,"6":0,"7":2,"8":2,"9":0,"10":0,"11":0,"12":0,"13":1,"14":1,"15":0,"16":2,"17":2,"18":0,"19":1,"20":1,"21":0,"22":1,"23":1,"24":1,"25":2,"26":1,"27":1,"28":1,"29":1,"30":0,"31":1,"32":1,"33":1,"34":1,"35":2,"36":1,"37":1,"38":1,"39":0,"40":1,"41":1,"42":1,"43":1,"44":2,"45":1,"46":1,"47":1,"48":0,"49":1,"50":1,"51":0,"52":1,"53":2,"54":1,"55":2,"56":1,"57":2,"58":1},"f":{"0":2,"1":2,"2":0,"3":2,"4":2,"5":0,"6":2,"7":2,"8":0,"9":0,"10":0,"11":0,"12":1,"13":1,"14":0,"15":2,"16":2,"17":0,"18":1,"19":1,"20":0,"21":1,"22":2,"23":1,"24":0,"25":2,"26":2,"27":2},"b":{"0":[1,0],"1":[1,0],"2":[1,1],"3":[1,0],"4":[1,1]},"_coverageSchema":"1a1c01bbd47fc00a2c39e90264f33305004495a9","hash":"cffe2ec18a7bc72f51556aa9cee1c14e709ad309"}
,"C:\\Users\\nazar\\OneDrive\\Документы\\JS Projects\\order_application_for_sewing\\src\\db\\repository\\OrdersStepsRepository.js": {"path":"C:\\Users\\nazar\\OneDrive\\Документы\\JS Projects\\order_application_for_sewing\\src\\db\\repository\\OrdersStepsRepository.js","statementMap":{"0":{"start":{"line":3,"column":15},"end":{"line":3,"column":42}},"1":{"start":{"line":6,"column":2},"end":{"line":9,"column":36}},"2":{"start":{"line":8,"column":20},"end":{"line":8,"column":26}},"3":{"start":{"line":9,"column":18},"end":{"line":9,"column":34}},"4":{"start":{"line":12,"column":26},"end":{"line":20,"column":1}},"5":{"start":{"line":13,"column":15},"end":{"line":13,"column":88}},"6":{"start":{"line":14,"column":2},"end":{"line":18,"column":3}},"7":{"start":{"line":14,"column":15},"end":{"line":14,"column":16}},"8":{"start":{"line":15,"column":4},"end":{"line":17,"column":52}},"9":{"start":{"line":16,"column":6},"end":{"line":16,"column":52}},"10":{"start":{"line":17,"column":11},"end":{"line":17,"column":52}},"11":{"start":{"line":19,"column":2},"end":{"line":19,"column":16}},"12":{"start":{"line":22,"column":0},"end":{"line":24,"column":2}}},"fnMap":{"0":{"name":"createOrdersSteps","decl":{"start":{"line":5,"column":15},"end":{"line":5,"column":32}},"loc":{"start":{"line":5,"column":50},"end":{"line":10,"column":1}},"line":5},"1":{"name":"(anonymous_1)","decl":{"start":{"line":8,"column":10},"end":{"line":8,"column":11}},"loc":{"start":{"line":8,"column":20},"end":{"line":8,"column":26}},"line":8},"2":{"name":"(anonymous_2)","decl":{"start":{"line":9,"column":11},"end":{"line":9,"column":12}},"loc":{"start":{"line":9,"column":18},"end":{"line":9,"column":34}},"line":9},"3":{"name":"(anonymous_3)","decl":{"start":{"line":12,"column":26},"end":{"line":12,"column":27}},"loc":{"start":{"line":12,"column":47},"end":{"line":20,"column":1}},"line":12}},"branchMap":{"0":{"loc":{"start":{"line":15,"column":4},"end":{"line":17,"column":52}},"type":"if","locations":[{"start":{"line":15,"column":4},"end":{"line":17,"column":52}},{"start":{"line":15,"column":4},"end":{"line":17,"column":52}}],"line":15}},"s":{"0":1,"1":0,"2":0,"3":0,"4":1,"5":0,"6":0,"7":0,"8":0,"9":0,"10":0,"11":0,"12":1},"f":{"0":0,"1":0,"2":0,"3":0},"b":{"0":[0,0]},"_coverageSchema":"1a1c01bbd47fc00a2c39e90264f33305004495a9","hash":"eaa281bacab3b114e114d92ada77ef08d247291e"}
,"C:\\Users\\nazar\\OneDrive\\Документы\\JS Projects\\order_application_for_sewing\\src\\db\\repository\\OrdersTypesRepository.js": {"path":"C:\\Users\\nazar\\OneDrive\\Документы\\JS Projects\\order_application_for_sewing\\src\\db\\repository\\OrdersTypesRepository.js","statementMap":{"0":{"start":{"line":3,"column":15},"end":{"line":3,"column":42}},"1":{"start":{"line":6,"column":2},"end":{"line":9,"column":36}},"2":{"start":{"line":8,"column":20},"end":{"line":8,"column":26}},"3":{"start":{"line":9,"column":18},"end":{"line":9,"column":34}},"4":{"start":{"line":12,"column":26},"end":{"line":20,"column":1}},"5":{"start":{"line":13,"column":15},"end":{"line":13,"column":74}},"6":{"start":{"line":14,"column":2},"end":{"line":18,"column":3}},"7":{"start":{"line":14,"column":15},"end":{"line":14,"column":16}},"8":{"start":{"line":15,"column":4},"end":{"line":17,"column":52}},"9":{"start":{"line":16,"column":6},"end":{"line":16,"column":52}},"10":{"start":{"line":17,"column":11},"end":{"line":17,"column":52}},"11":{"start":{"line":19,"column":2},"end":{"line":19,"column":16}},"12":{"start":{"line":22,"column":0},"end":{"line":24,"column":2}}},"fnMap":{"0":{"name":"createOrdersTypes","decl":{"start":{"line":5,"column":15},"end":{"line":5,"column":32}},"loc":{"start":{"line":5,"column":50},"end":{"line":10,"column":1}},"line":5},"1":{"name":"(anonymous_1)","decl":{"start":{"line":8,"column":10},"end":{"line":8,"column":11}},"loc":{"start":{"line":8,"column":20},"end":{"line":8,"column":26}},"line":8},"2":{"name":"(anonymous_2)","decl":{"start":{"line":9,"column":11},"end":{"line":9,"column":12}},"loc":{"start":{"line":9,"column":18},"end":{"line":9,"column":34}},"line":9},"3":{"name":"(anonymous_3)","decl":{"start":{"line":12,"column":26},"end":{"line":12,"column":27}},"loc":{"start":{"line":12,"column":47},"end":{"line":20,"column":1}},"line":12}},"branchMap":{"0":{"loc":{"start":{"line":15,"column":4},"end":{"line":17,"column":52}},"type":"if","locations":[{"start":{"line":15,"column":4},"end":{"line":17,"column":52}},{"start":{"line":15,"column":4},"end":{"line":17,"column":52}}],"line":15}},"s":{"0":1,"1":0,"2":0,"3":0,"4":1,"5":0,"6":0,"7":0,"8":0,"9":0,"10":0,"11":0,"12":1},"f":{"0":0,"1":0,"2":0,"3":0},"b":{"0":[0,0]},"_coverageSchema":"1a1c01bbd47fc00a2c39e90264f33305004495a9","hash":"89705996028a4bf30536c790568709dbc8291fcc"}
,"C:\\Users\\nazar\\OneDrive\\Документы\\JS Projects\\order_application_for_sewing\\src\\db\\repository\\ProducerRepository.js": {"path":"C:\\Users\\nazar\\OneDrive\\Документы\\JS Projects\\order_application_for_sewing\\src\\db\\repository\\ProducerRepository.js","statementMap":{"0":{"start":{"line":3,"column":15},"end":{"line":3,"column":42}},"1":{"start":{"line":6,"column":2},"end":{"line":9,"column":36}},"2":{"start":{"line":8,"column":20},"end":{"line":8,"column":26}},"3":{"start":{"line":9,"column":18},"end":{"line":9,"column":34}},"4":{"start":{"line":13,"column":2},"end":{"line":16,"column":36}},"5":{"start":{"line":15,"column":20},"end":{"line":15,"column":26}},"6":{"start":{"line":16,"column":18},"end":{"line":16,"column":34}},"7":{"start":{"line":20,"column":2},"end":{"line":23,"column":36}},"8":{"start":{"line":22,"column":20},"end":{"line":22,"column":26}},"9":{"start":{"line":23,"column":18},"end":{"line":23,"column":34}},"10":{"start":{"line":27,"column":2},"end":{"line":30,"column":36}},"11":{"start":{"line":29,"column":20},"end":{"line":29,"column":26}},"12":{"start":{"line":30,"column":18},"end":{"line":30,"column":34}},"13":{"start":{"line":34,"column":2},"end":{"line":37,"column":36}},"14":{"start":{"line":36,"column":20},"end":{"line":36,"column":26}},"15":{"start":{"line":37,"column":18},"end":{"line":37,"column":34}},"16":{"start":{"line":41,"column":2},"end":{"line":44,"column":36}},"17":{"start":{"line":43,"column":20},"end":{"line":43,"column":26}},"18":{"start":{"line":44,"column":18},"end":{"line":44,"column":34}},"19":{"start":{"line":48,"column":2},"end":{"line":51,"column":36}},"20":{"start":{"line":50,"column":20},"end":{"line":50,"column":26}},"21":{"start":{"line":51,"column":18},"end":{"line":51,"column":34}},"22":{"start":{"line":54,"column":29},"end":{"line":54,"column":90}},"23":{"start":{"line":54,"column":40},"end":{"line":54,"column":90}},"24":{"start":{"line":56,"column":48},"end":{"line":106,"column":1}},"25":{"start":{"line":58,"column":2},"end":{"line":71,"column":3}},"26":{"start":{"line":59,"column":4},"end":{"line":63,"column":71}},"27":{"start":{"line":65,"column":4},"end":{"line":70,"column":71}},"28":{"start":{"line":72,"column":2},"end":{"line":88,"column":3}},"29":{"start":{"line":73,"column":4},"end":{"line":73,"column":25}},"30":{"start":{"line":74,"column":4},"end":{"line":80,"column":5}},"31":{"start":{"line":74,"column":17},"end":{"line":74,"column":18}},"32":{"start":{"line":75,"column":6},"end":{"line":79,"column":7}},"33":{"start":{"line":76,"column":8},"end":{"line":76,"column":61}},"34":{"start":{"line":78,"column":8},"end":{"line":78,"column":64}},"35":{"start":{"line":81,"column":4},"end":{"line":83,"column":64}},"36":{"start":{"line":85,"column":4},"end":{"line":87,"column":64}},"37":{"start":{"line":89,"column":2},"end":{"line":104,"column":3}},"38":{"start":{"line":90,"column":4},"end":{"line":90,"column":25}},"39":{"start":{"line":91,"column":4},"end":{"line":97,"column":5}},"40":{"start":{"line":91,"column":17},"end":{"line":91,"column":18}},"41":{"start":{"line":92,"column":6},"end":{"line":96,"column":7}},"42":{"start":{"line":93,"column":8},"end":{"line":93,"column":54}},"43":{"start":{"line":95,"column":8},"end":{"line":95,"column":57}},"44":{"start":{"line":98,"column":4},"end":{"line":100,"column":39}},"45":{"start":{"line":102,"column":4},"end":{"line":103,"column":43}},"46":{"start":{"line":105,"column":2},"end":{"line":105,"column":16}},"47":{"start":{"line":108,"column":23},"end":{"line":108,"column":62}},"48":{"start":{"line":108,"column":29},"end":{"line":108,"column":62}},"49":{"start":{"line":110,"column":24},"end":{"line":110,"column":115}},"50":{"start":{"line":110,"column":32},"end":{"line":110,"column":115}},"51":{"start":{"line":112,"column":19},"end":{"line":112,"column":189}},"52":{"start":{"line":112,"column":66},"end":{"line":112,"column":189}},"53":{"start":{"line":114,"column":28},"end":{"line":116,"column":81}},"54":{"start":{"line":115,"column":2},"end":{"line":116,"column":81}},"55":{"start":{"line":118,"column":31},"end":{"line":118,"column":94}},"56":{"start":{"line":118,"column":42},"end":{"line":118,"column":94}},"57":{"start":{"line":120,"column":0},"end":{"line":128,"column":2}}},"fnMap":{"0":{"name":"createProducer","decl":{"start":{"line":5,"column":15},"end":{"line":5,"column":29}},"loc":{"start":{"line":5,"column":69},"end":{"line":10,"column":1}},"line":5},"1":{"name":"(anonymous_1)","decl":{"start":{"line":8,"column":10},"end":{"line":8,"column":11}},"loc":{"start":{"line":8,"column":20},"end":{"line":8,"column":26}},"line":8},"2":{"name":"(anonymous_2)","decl":{"start":{"line":9,"column":11},"end":{"line":9,"column":12}},"loc":{"start":{"line":9,"column":18},"end":{"line":9,"column":34}},"line":9},"3":{"name":"getProducerByUserId","decl":{"start":{"line":12,"column":15},"end":{"line":12,"column":34}},"loc":{"start":{"line":12,"column":44},"end":{"line":17,"column":1}},"line":12},"4":{"name":"(anonymous_4)","decl":{"start":{"line":15,"column":10},"end":{"line":15,"column":11}},"loc":{"start":{"line":15,"column":20},"end":{"line":15,"column":26}},"line":15},"5":{"name":"(anonymous_5)","decl":{"start":{"line":16,"column":11},"end":{"line":16,"column":12}},"loc":{"start":{"line":16,"column":18},"end":{"line":16,"column":34}},"line":16},"6":{"name":"updateProducer","decl":{"start":{"line":19,"column":15},"end":{"line":19,"column":29}},"loc":{"start":{"line":19,"column":73},"end":{"line":24,"column":1}},"line":19},"7":{"name":"(anonymous_7)","decl":{"start":{"line":22,"column":10},"end":{"line":22,"column":11}},"loc":{"start":{"line":22,"column":20},"end":{"line":22,"column":26}},"line":22},"8":{"name":"(anonymous_8)","decl":{"start":{"line":23,"column":11},"end":{"line":23,"column":12}},"loc":{"start":{"line":23,"column":18},"end":{"line":23,"column":34}},"line":23},"9":{"name":"getProducers","decl":{"start":{"line":26,"column":15},"end":{"line":26,"column":27}},"loc":{"start":{"line":26,"column":34},"end":{"line":31,"column":1}},"line":26},"10":{"name":"(anonymous_10)","decl":{"start":{"line":29,"column":10},"end":{"line":29,"column":11}},"loc":{"start":{"line":29,"column":20},"end":{"line":29,"column":26}},"line":29},"11":{"name":"(anonymous_11)","decl":{"start":{"line":30,"column":11},"end":{"line":30,"column":12}},"loc":{"start":{"line":30,"column":18},"end":{"line":30,"column":34}},"line":30},"12":{"name":"getProducersAmount","decl":{"start":{"line":33,"column":15},"end":{"line":33,"column":33}},"loc":{"start":{"line":33,"column":36},"end":{"line":38,"column":1}},"line":33},"13":{"name":"(anonymous_13)","decl":{"start":{"line":36,"column":10},"end":{"line":36,"column":11}},"loc":{"start":{"line":36,"column":20},"end":{"line":36,"column":26}},"line":36},"14":{"name":"(anonymous_14)","decl":{"start":{"line":37,"column":11},"end":{"line":37,"column":12}},"loc":{"start":{"line":37,"column":18},"end":{"line":37,"column":34}},"line":37},"15":{"name":"getProducersByStepsAndTypesAndRegion","decl":{"start":{"line":40,"column":15},"end":{"line":40,"column":51}},"loc":{"start":{"line":40,"column":77},"end":{"line":45,"column":1}},"line":40},"16":{"name":"(anonymous_16)","decl":{"start":{"line":43,"column":10},"end":{"line":43,"column":11}},"loc":{"start":{"line":43,"column":20},"end":{"line":43,"column":26}},"line":43},"17":{"name":"(anonymous_17)","decl":{"start":{"line":44,"column":11},"end":{"line":44,"column":12}},"loc":{"start":{"line":44,"column":18},"end":{"line":44,"column":34}},"line":44},"18":{"name":"deleteProducer","decl":{"start":{"line":47,"column":15},"end":{"line":47,"column":29}},"loc":{"start":{"line":47,"column":39},"end":{"line":52,"column":1}},"line":47},"19":{"name":"(anonymous_19)","decl":{"start":{"line":50,"column":10},"end":{"line":50,"column":11}},"loc":{"start":{"line":50,"column":20},"end":{"line":50,"column":26}},"line":50},"20":{"name":"(anonymous_20)","decl":{"start":{"line":51,"column":11},"end":{"line":51,"column":12}},"loc":{"start":{"line":51,"column":18},"end":{"line":51,"column":34}},"line":51},"21":{"name":"(anonymous_21)","decl":{"start":{"line":54,"column":29},"end":{"line":54,"column":30}},"loc":{"start":{"line":54,"column":40},"end":{"line":54,"column":90}},"line":54},"22":{"name":"(anonymous_22)","decl":{"start":{"line":56,"column":48},"end":{"line":56,"column":49}},"loc":{"start":{"line":56,"column":77},"end":{"line":106,"column":1}},"line":56},"23":{"name":"(anonymous_23)","decl":{"start":{"line":108,"column":23},"end":{"line":108,"column":24}},"loc":{"start":{"line":108,"column":29},"end":{"line":108,"column":62}},"line":108},"24":{"name":"(anonymous_24)","decl":{"start":{"line":110,"column":24},"end":{"line":110,"column":25}},"loc":{"start":{"line":110,"column":32},"end":{"line":110,"column":115}},"line":110},"25":{"name":"(anonymous_25)","decl":{"start":{"line":112,"column":19},"end":{"line":112,"column":20}},"loc":{"start":{"line":112,"column":66},"end":{"line":112,"column":189}},"line":112},"26":{"name":"(anonymous_26)","decl":{"start":{"line":114,"column":28},"end":{"line":114,"column":29}},"loc":{"start":{"line":115,"column":2},"end":{"line":116,"column":81}},"line":115},"27":{"name":"(anonymous_27)","decl":{"start":{"line":118,"column":31},"end":{"line":118,"column":32}},"loc":{"start":{"line":118,"column":42},"end":{"line":118,"column":94}},"line":118}},"branchMap":{"0":{"loc":{"start":{"line":58,"column":2},"end":{"line":71,"column":3}},"type":"if","locations":[{"start":{"line":58,"column":2},"end":{"line":71,"column":3}},{"start":{"line":58,"column":2},"end":{"line":71,"column":3}}],"line":58},"1":{"loc":{"start":{"line":72,"column":2},"end":{"line":88,"column":3}},"type":"if","locations":[{"start":{"line":72,"column":2},"end":{"line":88,"column":3}},{"start":{"line":72,"column":2},"end":{"line":88,"column":3}}],"line":72},"2":{"loc":{"start":{"line":75,"column":6},"end":{"line":79,"column":7}},"type":"if","locations":[{"start":{"line":75,"column":6},"end":{"line":79,"column":7}},{"start":{"line":75,"column":6},"end":{"line":79,"column":7}}],"line":75},"3":{"loc":{"start":{"line":89,"column":2},"end":{"line":104,"column":3}},"type":"if","locations":[{"start":{"line":89,"column":2},"end":{"line":104,"column":3}},{"start":{"line":89,"column":2},"end":{"line":104,"column":3}}],"line":89},"4":{"loc":{"start":{"line":92,"column":6},"end":{"line":96,"column":7}},"type":"if","locations":[{"start":{"line":92,"column":6},"end":{"line":96,"column":7}},{"start":{"line":92,"column":6},"end":{"line":96,"column":7}}],"line":92}},"s":{"0":1,"1":2,"2":2,"3":0,"4":6,"5":6,"6":0,"7":1,"8":1,"9":0,"10":0,"11":0,"12":0,"13":0,"14":0,"15":0,"16":1,"17":1,"18":0,"19":2,"20":2,"21":0,"22":1,"23":2,"24":1,"25":1,"26":1,"27":0,"28":1,"29":1,"30":1,"31":1,"32":2,"33":1,"34":1,"35":1,"36":0,"37":1,"38":1,"39":1,"40":1,"41":2,"42":1,"43":1,"44":1,"45":0,"46":1,"47":1,"48":0,"49":1,"50":0,"51":1,"52":1,"53":1,"54":2,"55":1,"56":6,"57":1},"f":{"0":2,"1":2,"2":0,"3":6,"4":6,"5":0,"6":1,"7":1,"8":0,"9":0,"10":0,"11":0,"12":0,"13":0,"14":0,"15":1,"16":1,"17":0,"18":2,"19":2,"20":0,"21":2,"22":1,"23":0,"24":0,"25":1,"26":2,"27":6},"b":{"0":[1,0],"1":[1,0],"2":[1,1],"3":[1,0],"4":[1,1]},"_coverageSchema":"1a1c01bbd47fc00a2c39e90264f33305004495a9","hash":"a96617bd589fa65ca2aba8e5f42503e9c9894941"}
,"C:\\Users\\nazar\\OneDrive\\Документы\\JS Projects\\order_application_for_sewing\\src\\db\\repository\\ProducersStepsRepository.js": {"path":"C:\\Users\\nazar\\OneDrive\\Документы\\JS Projects\\order_application_for_sewing\\src\\db\\repository\\ProducersStepsRepository.js","statementMap":{"0":{"start":{"line":3,"column":15},"end":{"line":3,"column":42}},"1":{"start":{"line":6,"column":2},"end":{"line":9,"column":36}},"2":{"start":{"line":8,"column":20},"end":{"line":8,"column":26}},"3":{"start":{"line":9,"column":18},"end":{"line":9,"column":34}},"4":{"start":{"line":13,"column":2},"end":{"line":16,"column":36}},"5":{"start":{"line":15,"column":20},"end":{"line":15,"column":26}},"6":{"start":{"line":16,"column":18},"end":{"line":16,"column":34}},"7":{"start":{"line":20,"column":2},"end":{"line":23,"column":36}},"8":{"start":{"line":22,"column":20},"end":{"line":22,"column":26}},"9":{"start":{"line":23,"column":18},"end":{"line":23,"column":34}},"10":{"start":{"line":26,"column":28},"end":{"line":26,"column":121}},"11":{"start":{"line":26,"column":43},"end":{"line":26,"column":121}},"12":{"start":{"line":28,"column":32},"end":{"line":28,"column":127}},"13":{"start":{"line":28,"column":47},"end":{"line":28,"column":127}},"14":{"start":{"line":30,"column":33},"end":{"line":37,"column":1}},"15":{"start":{"line":31,"column":10},"end":{"line":32,"column":48}},"16":{"start":{"line":33,"column":2},"end":{"line":35,"column":3}},"17":{"start":{"line":33,"column":15},"end":{"line":33,"column":16}},"18":{"start":{"line":34,"column":4},"end":{"line":34,"column":54}},"19":{"start":{"line":36,"column":2},"end":{"line":36,"column":11}},"20":{"start":{"line":39,"column":0},"end":{"line":43,"column":2}}},"fnMap":{"0":{"name":"addProducersSteps","decl":{"start":{"line":5,"column":15},"end":{"line":5,"column":32}},"loc":{"start":{"line":5,"column":57},"end":{"line":10,"column":1}},"line":5},"1":{"name":"(anonymous_1)","decl":{"start":{"line":8,"column":10},"end":{"line":8,"column":11}},"loc":{"start":{"line":8,"column":20},"end":{"line":8,"column":26}},"line":8},"2":{"name":"(anonymous_2)","decl":{"start":{"line":9,"column":11},"end":{"line":9,"column":12}},"loc":{"start":{"line":9,"column":18},"end":{"line":9,"column":34}},"line":9},"3":{"name":"getStepsByProducerId","decl":{"start":{"line":12,"column":15},"end":{"line":12,"column":35}},"loc":{"start":{"line":12,"column":49},"end":{"line":17,"column":1}},"line":12},"4":{"name":"(anonymous_4)","decl":{"start":{"line":15,"column":10},"end":{"line":15,"column":11}},"loc":{"start":{"line":15,"column":20},"end":{"line":15,"column":26}},"line":15},"5":{"name":"(anonymous_5)","decl":{"start":{"line":16,"column":11},"end":{"line":16,"column":12}},"loc":{"start":{"line":16,"column":18},"end":{"line":16,"column":34}},"line":16},"6":{"name":"deleteStepsByProducerId","decl":{"start":{"line":19,"column":15},"end":{"line":19,"column":38}},"loc":{"start":{"line":19,"column":52},"end":{"line":24,"column":1}},"line":19},"7":{"name":"(anonymous_7)","decl":{"start":{"line":22,"column":10},"end":{"line":22,"column":11}},"loc":{"start":{"line":22,"column":20},"end":{"line":22,"column":26}},"line":22},"8":{"name":"(anonymous_8)","decl":{"start":{"line":23,"column":11},"end":{"line":23,"column":12}},"loc":{"start":{"line":23,"column":18},"end":{"line":23,"column":34}},"line":23},"9":{"name":"(anonymous_9)","decl":{"start":{"line":26,"column":28},"end":{"line":26,"column":29}},"loc":{"start":{"line":26,"column":43},"end":{"line":26,"column":121}},"line":26},"10":{"name":"(anonymous_10)","decl":{"start":{"line":28,"column":32},"end":{"line":28,"column":33}},"loc":{"start":{"line":28,"column":47},"end":{"line":28,"column":127}},"line":28},"11":{"name":"(anonymous_11)","decl":{"start":{"line":30,"column":33},"end":{"line":30,"column":34}},"loc":{"start":{"line":30,"column":60},"end":{"line":37,"column":1}},"line":30}},"branchMap":{},"s":{"0":1,"1":0,"2":0,"3":0,"4":0,"5":0,"6":0,"7":1,"8":1,"9":0,"10":1,"11":1,"12":1,"13":0,"14":1,"15":0,"16":0,"17":0,"18":0,"19":0,"20":1},"f":{"0":0,"1":0,"2":0,"3":0,"4":0,"5":0,"6":1,"7":1,"8":0,"9":1,"10":0,"11":0},"b":{},"_coverageSchema":"1a1c01bbd47fc00a2c39e90264f33305004495a9","hash":"43204de2b93e19cdc5710bbb13e4f8ad569851a3"}
,"C:\\Users\\nazar\\OneDrive\\Документы\\JS Projects\\order_application_for_sewing\\src\\db\\repository\\ProducersTypesRepository.js": {"path":"C:\\Users\\nazar\\OneDrive\\Документы\\JS Projects\\order_application_for_sewing\\src\\db\\repository\\ProducersTypesRepository.js","statementMap":{"0":{"start":{"line":3,"column":15},"end":{"line":3,"column":42}},"1":{"start":{"line":6,"column":2},"end":{"line":9,"column":36}},"2":{"start":{"line":8,"column":20},"end":{"line":8,"column":26}},"3":{"start":{"line":9,"column":18},"end":{"line":9,"column":34}},"4":{"start":{"line":13,"column":2},"end":{"line":16,"column":36}},"5":{"start":{"line":15,"column":20},"end":{"line":15,"column":26}},"6":{"start":{"line":16,"column":18},"end":{"line":16,"column":34}},"7":{"start":{"line":20,"column":2},"end":{"line":23,"column":36}},"8":{"start":{"line":22,"column":20},"end":{"line":22,"column":26}},"9":{"start":{"line":23,"column":18},"end":{"line":23,"column":34}},"10":{"start":{"line":26,"column":28},"end":{"line":26,"column":114}},"11":{"start":{"line":26,"column":43},"end":{"line":26,"column":114}},"12":{"start":{"line":28,"column":32},"end":{"line":28,"column":120}},"13":{"start":{"line":28,"column":47},"end":{"line":28,"column":120}},"14":{"start":{"line":30,"column":33},"end":{"line":37,"column":1}},"15":{"start":{"line":31,"column":10},"end":{"line":32,"column":48}},"16":{"start":{"line":33,"column":2},"end":{"line":35,"column":3}},"17":{"start":{"line":33,"column":15},"end":{"line":33,"column":16}},"18":{"start":{"line":34,"column":4},"end":{"line":34,"column":54}},"19":{"start":{"line":36,"column":2},"end":{"line":36,"column":11}},"20":{"start":{"line":39,"column":0},"end":{"line":43,"column":2}}},"fnMap":{"0":{"name":"addProducersTypes","decl":{"start":{"line":5,"column":15},"end":{"line":5,"column":32}},"loc":{"start":{"line":5,"column":57},"end":{"line":10,"column":1}},"line":5},"1":{"name":"(anonymous_1)","decl":{"start":{"line":8,"column":10},"end":{"line":8,"column":11}},"loc":{"start":{"line":8,"column":20},"end":{"line":8,"column":26}},"line":8},"2":{"name":"(anonymous_2)","decl":{"start":{"line":9,"column":11},"end":{"line":9,"column":12}},"loc":{"start":{"line":9,"column":18},"end":{"line":9,"column":34}},"line":9},"3":{"name":"getTypesByProducerId","decl":{"start":{"line":12,"column":15},"end":{"line":12,"column":35}},"loc":{"start":{"line":12,"column":49},"end":{"line":17,"column":1}},"line":12},"4":{"name":"(anonymous_4)","decl":{"start":{"line":15,"column":10},"end":{"line":15,"column":11}},"loc":{"start":{"line":15,"column":20},"end":{"line":15,"column":26}},"line":15},"5":{"name":"(anonymous_5)","decl":{"start":{"line":16,"column":11},"end":{"line":16,"column":12}},"loc":{"start":{"line":16,"column":18},"end":{"line":16,"column":34}},"line":16},"6":{"name":"deleteTypesByProducerId","decl":{"start":{"line":19,"column":15},"end":{"line":19,"column":38}},"loc":{"start":{"line":19,"column":52},"end":{"line":24,"column":1}},"line":19},"7":{"name":"(anonymous_7)","decl":{"start":{"line":22,"column":10},"end":{"line":22,"column":11}},"loc":{"start":{"line":22,"column":20},"end":{"line":22,"column":26}},"line":22},"8":{"name":"(anonymous_8)","decl":{"start":{"line":23,"column":11},"end":{"line":23,"column":12}},"loc":{"start":{"line":23,"column":18},"end":{"line":23,"column":34}},"line":23},"9":{"name":"(anonymous_9)","decl":{"start":{"line":26,"column":28},"end":{"line":26,"column":29}},"loc":{"start":{"line":26,"column":43},"end":{"line":26,"column":114}},"line":26},"10":{"name":"(anonymous_10)","decl":{"start":{"line":28,"column":32},"end":{"line":28,"column":33}},"loc":{"start":{"line":28,"column":47},"end":{"line":28,"column":120}},"line":28},"11":{"name":"(anonymous_11)","decl":{"start":{"line":30,"column":33},"end":{"line":30,"column":34}},"loc":{"start":{"line":30,"column":60},"end":{"line":37,"column":1}},"line":30}},"branchMap":{},"s":{"0":1,"1":0,"2":0,"3":0,"4":0,"5":0,"6":0,"7":1,"8":1,"9":0,"10":1,"11":1,"12":1,"13":0,"14":1,"15":0,"16":0,"17":0,"18":0,"19":0,"20":1},"f":{"0":0,"1":0,"2":0,"3":0,"4":0,"5":0,"6":1,"7":1,"8":0,"9":1,"10":0,"11":0},"b":{},"_coverageSchema":"1a1c01bbd47fc00a2c39e90264f33305004495a9","hash":"3058dcf0a74e7a774fc2049b64a547698d5c806b"}
,"C:\\Users\\nazar\\OneDrive\\Документы\\JS Projects\\order_application_for_sewing\\src\\db\\repository\\RegionRepository.js": {"path":"C:\\Users\\nazar\\OneDrive\\Документы\\JS Projects\\order_application_for_sewing\\src\\db\\repository\\RegionRepository.js","statementMap":{"0":{"start":{"line":3,"column":15},"end":{"line":3,"column":42}},"1":{"start":{"line":6,"column":2},"end":{"line":9,"column":36}},"2":{"start":{"line":8,"column":20},"end":{"line":8,"column":26}},"3":{"start":{"line":9,"column":18},"end":{"line":9,"column":34}},"4":{"start":{"line":12,"column":22},"end":{"line":12,"column":51}},"5":{"start":{"line":12,"column":28},"end":{"line":12,"column":51}},"6":{"start":{"line":14,"column":0},"end":{"line":16,"column":2}}},"fnMap":{"0":{"name":"selectAllRegions","decl":{"start":{"line":5,"column":15},"end":{"line":5,"column":31}},"loc":{"start":{"line":5,"column":34},"end":{"line":10,"column":1}},"line":5},"1":{"name":"(anonymous_1)","decl":{"start":{"line":8,"column":10},"end":{"line":8,"column":11}},"loc":{"start":{"line":8,"column":20},"end":{"line":8,"column":26}},"line":8},"2":{"name":"(anonymous_2)","decl":{"start":{"line":9,"column":11},"end":{"line":9,"column":12}},"loc":{"start":{"line":9,"column":18},"end":{"line":9,"column":34}},"line":9},"3":{"name":"(anonymous_3)","decl":{"start":{"line":12,"column":22},"end":{"line":12,"column":23}},"loc":{"start":{"line":12,"column":28},"end":{"line":12,"column":51}},"line":12}},"branchMap":{},"s":{"0":1,"1":5,"2":5,"3":0,"4":1,"5":5,"6":1},"f":{"0":5,"1":5,"2":0,"3":5},"b":{},"_coverageSchema":"1a1c01bbd47fc00a2c39e90264f33305004495a9","hash":"1027be52f5c02654aec36208bf5711471ce48c7f"}
,"C:\\Users\\nazar\\OneDrive\\Документы\\JS Projects\\order_application_for_sewing\\src\\db\\repository\\StepRepository.js": {"path":"C:\\Users\\nazar\\OneDrive\\Документы\\JS Projects\\order_application_for_sewing\\src\\db\\repository\\StepRepository.js","statementMap":{"0":{"start":{"line":3,"column":15},"end":{"line":3,"column":42}},"1":{"start":{"line":6,"column":2},"end":{"line":9,"column":36}},"2":{"start":{"line":8,"column":20},"end":{"line":8,"column":26}},"3":{"start":{"line":9,"column":18},"end":{"line":9,"column":34}},"4":{"start":{"line":12,"column":23},"end":{"line":12,"column":64}},"5":{"start":{"line":12,"column":29},"end":{"line":12,"column":64}},"6":{"start":{"line":14,"column":0},"end":{"line":16,"column":2}}},"fnMap":{"0":{"name":"getAllSteps","decl":{"start":{"line":5,"column":15},"end":{"line":5,"column":26}},"loc":{"start":{"line":5,"column":29},"end":{"line":10,"column":1}},"line":5},"1":{"name":"(anonymous_1)","decl":{"start":{"line":8,"column":10},"end":{"line":8,"column":11}},"loc":{"start":{"line":8,"column":20},"end":{"line":8,"column":26}},"line":8},"2":{"name":"(anonymous_2)","decl":{"start":{"line":9,"column":11},"end":{"line":9,"column":12}},"loc":{"start":{"line":9,"column":18},"end":{"line":9,"column":34}},"line":9},"3":{"name":"(anonymous_3)","decl":{"start":{"line":12,"column":23},"end":{"line":12,"column":24}},"loc":{"start":{"line":12,"column":29},"end":{"line":12,"column":64}},"line":12}},"branchMap":{},"s":{"0":1,"1":5,"2":5,"3":0,"4":1,"5":5,"6":1},"f":{"0":5,"1":5,"2":0,"3":5},"b":{},"_coverageSchema":"1a1c01bbd47fc00a2c39e90264f33305004495a9","hash":"33bc3416ec6919912b879f7b71e79767de0ca42b"}
,"C:\\Users\\nazar\\OneDrive\\Документы\\JS Projects\\order_application_for_sewing\\src\\db\\repository\\TypeRepository.js": {"path":"C:\\Users\\nazar\\OneDrive\\Документы\\JS Projects\\order_application_for_sewing\\src\\db\\repository\\TypeRepository.js","statementMap":{"0":{"start":{"line":3,"column":15},"end":{"line":3,"column":42}},"1":{"start":{"line":6,"column":2},"end":{"line":9,"column":36}},"2":{"start":{"line":8,"column":20},"end":{"line":8,"column":26}},"3":{"start":{"line":9,"column":18},"end":{"line":9,"column":34}},"4":{"start":{"line":12,"column":23},"end":{"line":12,"column":57}},"5":{"start":{"line":12,"column":29},"end":{"line":12,"column":57}},"6":{"start":{"line":14,"column":0},"end":{"line":16,"column":2}}},"fnMap":{"0":{"name":"getAllTypes","decl":{"start":{"line":5,"column":15},"end":{"line":5,"column":26}},"loc":{"start":{"line":5,"column":29},"end":{"line":10,"column":1}},"line":5},"1":{"name":"(anonymous_1)","decl":{"start":{"line":8,"column":10},"end":{"line":8,"column":11}},"loc":{"start":{"line":8,"column":20},"end":{"line":8,"column":26}},"line":8},"2":{"name":"(anonymous_2)","decl":{"start":{"line":9,"column":11},"end":{"line":9,"column":12}},"loc":{"start":{"line":9,"column":18},"end":{"line":9,"column":34}},"line":9},"3":{"name":"(anonymous_3)","decl":{"start":{"line":12,"column":23},"end":{"line":12,"column":24}},"loc":{"start":{"line":12,"column":29},"end":{"line":12,"column":57}},"line":12}},"branchMap":{},"s":{"0":1,"1":5,"2":5,"3":0,"4":1,"5":5,"6":1},"f":{"0":5,"1":5,"2":0,"3":5},"b":{},"_coverageSchema":"1a1c01bbd47fc00a2c39e90264f33305004495a9","hash":"b8f0fe5afc40d70913304b012cb98b1c8af1b6f9"}
,"C:\\Users\\nazar\\OneDrive\\Документы\\JS Projects\\order_application_for_sewing\\src\\db\\repository\\UserRepository.js": {"path":"C:\\Users\\nazar\\OneDrive\\Документы\\JS Projects\\order_application_for_sewing\\src\\db\\repository\\UserRepository.js","statementMap":{"0":{"start":{"line":3,"column":15},"end":{"line":3,"column":42}},"1":{"start":{"line":6,"column":2},"end":{"line":9,"column":36}},"2":{"start":{"line":8,"column":20},"end":{"line":8,"column":26}},"3":{"start":{"line":9,"column":18},"end":{"line":9,"column":34}},"4":{"start":{"line":13,"column":2},"end":{"line":16,"column":36}},"5":{"start":{"line":15,"column":20},"end":{"line":15,"column":26}},"6":{"start":{"line":16,"column":18},"end":{"line":16,"column":34}},"7":{"start":{"line":20,"column":2},"end":{"line":23,"column":36}},"8":{"start":{"line":22,"column":20},"end":{"line":22,"column":26}},"9":{"start":{"line":23,"column":18},"end":{"line":23,"column":34}},"10":{"start":{"line":27,"column":2},"end":{"line":30,"column":36}},"11":{"start":{"line":29,"column":20},"end":{"line":29,"column":26}},"12":{"start":{"line":30,"column":18},"end":{"line":30,"column":34}},"13":{"start":{"line":34,"column":2},"end":{"line":37,"column":36}},"14":{"start":{"line":36,"column":20},"end":{"line":36,"column":26}},"15":{"start":{"line":37,"column":18},"end":{"line":37,"column":34}},"16":{"start":{"line":41,"column":2},"end":{"line":44,"column":36}},"17":{"start":{"line":43,"column":20},"end":{"line":43,"column":26}},"18":{"start":{"line":44,"column":18},"end":{"line":44,"column":34}},"19":{"start":{"line":48,"column":2},"end":{"line":51,"column":36}},"20":{"start":{"line":50,"column":20},"end":{"line":50,"column":26}},"21":{"start":{"line":51,"column":18},"end":{"line":51,"column":34}},"22":{"start":{"line":54,"column":19},"end":{"line":54,"column":113}},"23":{"start":{"line":54,"column":40},"end":{"line":54,"column":113}},"24":{"start":{"line":56,"column":26},"end":{"line":56,"column":81}},"25":{"start":{"line":56,"column":35},"end":{"line":56,"column":81}},"26":{"start":{"line":58,"column":26},"end":{"line":58,"column":169}},"27":{"start":{"line":58,"column":60},"end":{"line":58,"column":169}},"28":{"start":{"line":60,"column":23},"end":{"line":60,"column":118}},"29":{"start":{"line":60,"column":47},"end":{"line":60,"column":118}},"30":{"start":{"line":62,"column":37},"end":{"line":62,"column":133}},"31":{"start":{"line":62,"column":58},"end":{"line":62,"column":133}},"32":{"start":{"line":64,"column":20},"end":{"line":64,"column":75}},"33":{"start":{"line":64,"column":29},"end":{"line":64,"column":75}},"34":{"start":{"line":66,"column":19},"end":{"line":66,"column":139}},"35":{"start":{"line":66,"column":40},"end":{"line":66,"column":139}},"36":{"start":{"line":68,"column":0},"end":{"line":76,"column":2}}},"fnMap":{"0":{"name":"emailIsAlreadyUsed","decl":{"start":{"line":5,"column":15},"end":{"line":5,"column":33}},"loc":{"start":{"line":5,"column":41},"end":{"line":10,"column":1}},"line":5},"1":{"name":"(anonymous_1)","decl":{"start":{"line":8,"column":10},"end":{"line":8,"column":11}},"loc":{"start":{"line":8,"column":20},"end":{"line":8,"column":26}},"line":8},"2":{"name":"(anonymous_2)","decl":{"start":{"line":9,"column":11},"end":{"line":9,"column":12}},"loc":{"start":{"line":9,"column":18},"end":{"line":9,"column":34}},"line":9},"3":{"name":"createUser","decl":{"start":{"line":12,"column":15},"end":{"line":12,"column":25}},"loc":{"start":{"line":12,"column":43},"end":{"line":17,"column":1}},"line":12},"4":{"name":"(anonymous_4)","decl":{"start":{"line":15,"column":10},"end":{"line":15,"column":11}},"loc":{"start":{"line":15,"column":20},"end":{"line":15,"column":26}},"line":15},"5":{"name":"(anonymous_5)","decl":{"start":{"line":16,"column":11},"end":{"line":16,"column":12}},"loc":{"start":{"line":16,"column":18},"end":{"line":16,"column":34}},"line":16},"6":{"name":"searchUserByEmailAndPassword","decl":{"start":{"line":19,"column":15},"end":{"line":19,"column":43}},"loc":{"start":{"line":19,"column":61},"end":{"line":24,"column":1}},"line":19},"7":{"name":"(anonymous_7)","decl":{"start":{"line":22,"column":10},"end":{"line":22,"column":11}},"loc":{"start":{"line":22,"column":20},"end":{"line":22,"column":26}},"line":22},"8":{"name":"(anonymous_8)","decl":{"start":{"line":23,"column":11},"end":{"line":23,"column":12}},"loc":{"start":{"line":23,"column":18},"end":{"line":23,"column":34}},"line":23},"9":{"name":"updatePasswordByEmail","decl":{"start":{"line":26,"column":15},"end":{"line":26,"column":36}},"loc":{"start":{"line":26,"column":57},"end":{"line":31,"column":1}},"line":26},"10":{"name":"(anonymous_10)","decl":{"start":{"line":29,"column":10},"end":{"line":29,"column":11}},"loc":{"start":{"line":29,"column":20},"end":{"line":29,"column":26}},"line":29},"11":{"name":"(anonymous_11)","decl":{"start":{"line":30,"column":11},"end":{"line":30,"column":12}},"loc":{"start":{"line":30,"column":18},"end":{"line":30,"column":34}},"line":30},"12":{"name":"updatePhoneAndNameOfUser","decl":{"start":{"line":33,"column":15},"end":{"line":33,"column":39}},"loc":{"start":{"line":33,"column":70},"end":{"line":38,"column":1}},"line":33},"13":{"name":"(anonymous_13)","decl":{"start":{"line":36,"column":10},"end":{"line":36,"column":11}},"loc":{"start":{"line":36,"column":20},"end":{"line":36,"column":26}},"line":36},"14":{"name":"(anonymous_14)","decl":{"start":{"line":37,"column":11},"end":{"line":37,"column":12}},"loc":{"start":{"line":37,"column":18},"end":{"line":37,"column":34}},"line":37},"15":{"name":"getUserByEmail","decl":{"start":{"line":40,"column":15},"end":{"line":40,"column":29}},"loc":{"start":{"line":40,"column":37},"end":{"line":45,"column":1}},"line":40},"16":{"name":"(anonymous_16)","decl":{"start":{"line":43,"column":10},"end":{"line":43,"column":11}},"loc":{"start":{"line":43,"column":20},"end":{"line":43,"column":26}},"line":43},"17":{"name":"(anonymous_17)","decl":{"start":{"line":44,"column":11},"end":{"line":44,"column":12}},"loc":{"start":{"line":44,"column":18},"end":{"line":44,"column":34}},"line":44},"18":{"name":"deleteUserByEmailAndPassword","decl":{"start":{"line":47,"column":15},"end":{"line":47,"column":43}},"loc":{"start":{"line":47,"column":61},"end":{"line":52,"column":1}},"line":47},"19":{"name":"(anonymous_19)","decl":{"start":{"line":50,"column":10},"end":{"line":50,"column":11}},"loc":{"start":{"line":50,"column":20},"end":{"line":50,"column":26}},"line":50},"20":{"name":"(anonymous_20)","decl":{"start":{"line":51,"column":11},"end":{"line":51,"column":12}},"loc":{"start":{"line":51,"column":18},"end":{"line":51,"column":34}},"line":51},"21":{"name":"(anonymous_21)","decl":{"start":{"line":54,"column":19},"end":{"line":54,"column":20}},"loc":{"start":{"line":54,"column":40},"end":{"line":54,"column":113}},"line":54},"22":{"name":"(anonymous_22)","decl":{"start":{"line":56,"column":26},"end":{"line":56,"column":27}},"loc":{"start":{"line":56,"column":35},"end":{"line":56,"column":81}},"line":56},"23":{"name":"(anonymous_23)","decl":{"start":{"line":58,"column":26},"end":{"line":58,"column":27}},"loc":{"start":{"line":58,"column":60},"end":{"line":58,"column":169}},"line":58},"24":{"name":"(anonymous_24)","decl":{"start":{"line":60,"column":23},"end":{"line":60,"column":24}},"loc":{"start":{"line":60,"column":47},"end":{"line":60,"column":118}},"line":60},"25":{"name":"(anonymous_25)","decl":{"start":{"line":62,"column":37},"end":{"line":62,"column":38}},"loc":{"start":{"line":62,"column":58},"end":{"line":62,"column":133}},"line":62},"26":{"name":"(anonymous_26)","decl":{"start":{"line":64,"column":20},"end":{"line":64,"column":21}},"loc":{"start":{"line":64,"column":29},"end":{"line":64,"column":75}},"line":64},"27":{"name":"(anonymous_27)","decl":{"start":{"line":66,"column":19},"end":{"line":66,"column":20}},"loc":{"start":{"line":66,"column":40},"end":{"line":66,"column":139}},"line":66}},"branchMap":{},"s":{"0":1,"1":2,"2":2,"3":0,"4":20,"5":20,"6":0,"7":29,"8":29,"9":0,"10":4,"11":4,"12":0,"13":2,"14":2,"15":0,"16":4,"17":4,"18":0,"19":17,"20":17,"21":0,"22":1,"23":17,"24":1,"25":4,"26":1,"27":2,"28":1,"29":4,"30":1,"31":29,"32":1,"33":2,"34":1,"35":20,"36":1},"f":{"0":2,"1":2,"2":0,"3":20,"4":20,"5":0,"6":29,"7":29,"8":0,"9":4,"10":4,"11":0,"12":2,"13":2,"14":0,"15":4,"16":4,"17":0,"18":17,"19":17,"20":0,"21":17,"22":4,"23":2,"24":4,"25":29,"26":2,"27":20},"b":{},"_coverageSchema":"1a1c01bbd47fc00a2c39e90264f33305004495a9","hash":"60c526ed99b6169b8b4098e77b2a93e1d07d4e2d"}
,"C:\\Users\\nazar\\OneDrive\\Документы\\JS Projects\\order_application_for_sewing\\src\\email\\MailSender.js": {"path":"C:\\Users\\nazar\\OneDrive\\Документы\\JS Projects\\order_application_for_sewing\\src\\email\\MailSender.js","statementMap":{"0":{"start":{"line":2,"column":0},"end":{"line":2,"column":27}},"1":{"start":{"line":3,"column":19},"end":{"line":3,"column":40}},"2":{"start":{"line":5,"column":17},"end":{"line":24,"column":1}},"3":{"start":{"line":6,"column":20},"end":{"line":12,"column":4}},"4":{"start":{"line":13,"column":21},"end":{"line":18,"column":3}},"5":{"start":{"line":19,"column":2},"end":{"line":23,"column":5}},"6":{"start":{"line":20,"column":4},"end":{"line":22,"column":5}},"7":{"start":{"line":21,"column":6},"end":{"line":21,"column":23}},"8":{"start":{"line":26,"column":0},"end":{"line":28,"column":2}}},"fnMap":{"0":{"name":"(anonymous_0)","decl":{"start":{"line":5,"column":17},"end":{"line":5,"column":18}},"loc":{"start":{"line":5,"column":48},"end":{"line":24,"column":1}},"line":5},"1":{"name":"(anonymous_1)","decl":{"start":{"line":19,"column":39},"end":{"line":19,"column":40}},"loc":{"start":{"line":19,"column":52},"end":{"line":23,"column":3}},"line":19}},"branchMap":{"0":{"loc":{"start":{"line":20,"column":4},"end":{"line":22,"column":5}},"type":"if","locations":[{"start":{"line":20,"column":4},"end":{"line":22,"column":5}},{"start":{"line":20,"column":4},"end":{"line":22,"column":5}}],"line":20}},"s":{"0":1,"1":1,"2":1,"3":2,"4":2,"5":2,"6":1,"7":0,"8":1},"f":{"0":2,"1":1},"b":{"0":[0,1]},"_coverageSchema":"1a1c01bbd47fc00a2c39e90264f33305004495a9","hash":"e7cc5802d025559d1a4f72822750b55230a69d48"}
,"C:\\Users\\nazar\\OneDrive\\Документы\\JS Projects\\order_application_for_sewing\\src\\service\\OrderService.js": {"path":"C:\\Users\\nazar\\OneDrive\\Документы\\JS Projects\\order_application_for_sewing\\src\\service\\OrderService.js","statementMap":{"0":{"start":{"line":3,"column":24},"end":{"line":3,"column":70}},"1":{"start":{"line":4,"column":20},"end":{"line":4,"column":47}},"2":{"start":{"line":5,"column":27},"end":{"line":5,"column":61}},"3":{"start":{"line":6,"column":28},"end":{"line":6,"column":61}},"4":{"start":{"line":9,"column":18},"end":{"line":9,"column":93}},"5":{"start":{"line":10,"column":21},"end":{"line":10,"column":36}},"6":{"start":{"line":11,"column":2},"end":{"line":11,"column":106}},"7":{"start":{"line":12,"column":19},"end":{"line":12,"column":113}},"8":{"start":{"line":13,"column":2},"end":{"line":13,"column":84}},"9":{"start":{"line":13,"column":24},"end":{"line":13,"column":84}},"10":{"start":{"line":14,"column":2},"end":{"line":14,"column":84}},"11":{"start":{"line":14,"column":24},"end":{"line":14,"column":84}},"12":{"start":{"line":18,"column":17},"end":{"line":18,"column":122}},"13":{"start":{"line":19,"column":2},"end":{"line":19,"column":61}},"14":{"start":{"line":23,"column":17},"end":{"line":23,"column":87}},"15":{"start":{"line":24,"column":2},"end":{"line":24,"column":51}},"16":{"start":{"line":28,"column":17},"end":{"line":28,"column":97}},"17":{"start":{"line":29,"column":2},"end":{"line":29,"column":51}},"18":{"start":{"line":33,"column":2},"end":{"line":33,"column":65}},"19":{"start":{"line":37,"column":15},"end":{"line":37,"column":17}},"20":{"start":{"line":38,"column":21},"end":{"line":38,"column":85}},"21":{"start":{"line":39,"column":2},"end":{"line":41,"column":3}},"22":{"start":{"line":39,"column":15},"end":{"line":39,"column":16}},"23":{"start":{"line":40,"column":4},"end":{"line":40,"column":79}},"24":{"start":{"line":42,"column":2},"end":{"line":42,"column":16}},"25":{"start":{"line":46,"column":2},"end":{"line":46,"column":102}},"26":{"start":{"line":50,"column":2},"end":{"line":50,"column":57}},"27":{"start":{"line":53,"column":0},"end":{"line":60,"column":2}}},"fnMap":{"0":{"name":"createOrder","decl":{"start":{"line":8,"column":15},"end":{"line":8,"column":26}},"loc":{"start":{"line":8,"column":96},"end":{"line":15,"column":1}},"line":8},"1":{"name":"getOrderByAll","decl":{"start":{"line":17,"column":15},"end":{"line":17,"column":28}},"loc":{"start":{"line":17,"column":99},"end":{"line":20,"column":1}},"line":17},"2":{"name":"getOrderByUserIdAndAvailable","decl":{"start":{"line":22,"column":15},"end":{"line":22,"column":43}},"loc":{"start":{"line":22,"column":64},"end":{"line":25,"column":1}},"line":22},"3":{"name":"getOrdersByStepsAndTypesAndRegion","decl":{"start":{"line":27,"column":15},"end":{"line":27,"column":48}},"loc":{"start":{"line":27,"column":74},"end":{"line":30,"column":1}},"line":27},"4":{"name":"disableOrderByOrderIdAndUserId","decl":{"start":{"line":32,"column":15},"end":{"line":32,"column":45}},"loc":{"start":{"line":32,"column":65},"end":{"line":34,"column":1}},"line":32},"5":{"name":"makeKey","decl":{"start":{"line":36,"column":15},"end":{"line":36,"column":22}},"loc":{"start":{"line":36,"column":25},"end":{"line":43,"column":1}},"line":36},"6":{"name":"deleteOrder","decl":{"start":{"line":45,"column":15},"end":{"line":45,"column":26}},"loc":{"start":{"line":45,"column":44},"end":{"line":47,"column":1}},"line":45},"7":{"name":"findLastOrder","decl":{"start":{"line":49,"column":15},"end":{"line":49,"column":28}},"loc":{"start":{"line":49,"column":31},"end":{"line":51,"column":1}},"line":49}},"branchMap":{"0":{"loc":{"start":{"line":13,"column":2},"end":{"line":13,"column":84}},"type":"if","locations":[{"start":{"line":13,"column":2},"end":{"line":13,"column":84}},{"start":{"line":13,"column":2},"end":{"line":13,"column":84}}],"line":13},"1":{"loc":{"start":{"line":14,"column":2},"end":{"line":14,"column":84}},"type":"if","locations":[{"start":{"line":14,"column":2},"end":{"line":14,"column":84}},{"start":{"line":14,"column":2},"end":{"line":14,"column":84}}],"line":14},"2":{"loc":{"start":{"line":19,"column":9},"end":{"line":19,"column":60}},"type":"cond-expr","locations":[{"start":{"line":19,"column":34},"end":{"line":19,"column":48}},{"start":{"line":19,"column":51},"end":{"line":19,"column":60}}],"line":19},"3":{"loc":{"start":{"line":24,"column":9},"end":{"line":24,"column":50}},"type":"cond-expr","locations":[{"start":{"line":24,"column":34},"end":{"line":24,"column":45}},{"start":{"line":24,"column":48},"end":{"line":24,"column":50}}],"line":24},"4":{"loc":{"start":{"line":29,"column":9},"end":{"line":29,"column":50}},"type":"cond-expr","locations":[{"start":{"line":29,"column":34},"end":{"line":29,"column":45}},{"start":{"line":29,"column":48},"end":{"line":29,"column":50}}],"line":29}},"s":{"0":1,"1":1,"2":1,"3":1,"4":2,"5":2,"6":2,"7":2,"8":2,"9":0,"10":2,"11":0,"12":2,"13":2,"14":2,"15":2,"16":1,"17":1,"18":0,"19":2,"20":2,"21":2,"22":2,"23":20,"24":2,"25":2,"26":1,"27":1},"f":{"0":2,"1":2,"2":2,"3":1,"4":0,"5":2,"6":2,"7":1},"b":{"0":[0,2],"1":[0,2],"2":[2,0],"3":[0,2],"4":[0,1]},"_coverageSchema":"1a1c01bbd47fc00a2c39e90264f33305004495a9","hash":"41828e9889cc1b47bb6878e041251042cf1e3b0c"}
,"C:\\Users\\nazar\\OneDrive\\Документы\\JS Projects\\order_application_for_sewing\\src\\service\\OrderTypesService.js": {"path":"C:\\Users\\nazar\\OneDrive\\Документы\\JS Projects\\order_application_for_sewing\\src\\service\\OrderTypesService.js","statementMap":{"0":{"start":{"line":3,"column":29},"end":{"line":3,"column":81}},"1":{"start":{"line":6,"column":2},"end":{"line":6,"column":64}},"2":{"start":{"line":9,"column":0},"end":{"line":11,"column":2}}},"fnMap":{"0":{"name":"createOrdersTypes","decl":{"start":{"line":5,"column":15},"end":{"line":5,"column":32}},"loc":{"start":{"line":5,"column":50},"end":{"line":7,"column":1}},"line":5}},"branchMap":{},"s":{"0":1,"1":0,"2":1},"f":{"0":0},"b":{},"_coverageSchema":"1a1c01bbd47fc00a2c39e90264f33305004495a9","hash":"6aff3b01f7c1477284905becc85ed9c2be4463cc"}
,"C:\\Users\\nazar\\OneDrive\\Документы\\JS Projects\\order_application_for_sewing\\src\\service\\OrdersStepsService.js": {"path":"C:\\Users\\nazar\\OneDrive\\Документы\\JS Projects\\order_application_for_sewing\\src\\service\\OrdersStepsService.js","statementMap":{"0":{"start":{"line":3,"column":29},"end":{"line":3,"column":81}},"1":{"start":{"line":6,"column":2},"end":{"line":6,"column":64}},"2":{"start":{"line":9,"column":0},"end":{"line":11,"column":2}}},"fnMap":{"0":{"name":"createOrdersSteps","decl":{"start":{"line":5,"column":15},"end":{"line":5,"column":32}},"loc":{"start":{"line":5,"column":50},"end":{"line":7,"column":1}},"line":5}},"branchMap":{},"s":{"0":1,"1":0,"2":1},"f":{"0":0},"b":{},"_coverageSchema":"1a1c01bbd47fc00a2c39e90264f33305004495a9","hash":"3a8c7ca9502034bb03e0b00f7ae918f5c92aa7bd"}
,"C:\\Users\\nazar\\OneDrive\\Документы\\JS Projects\\order_application_for_sewing\\src\\service\\ProducerService.js": {"path":"C:\\Users\\nazar\\OneDrive\\Документы\\JS Projects\\order_application_for_sewing\\src\\service\\ProducerService.js","statementMap":{"0":{"start":{"line":3,"column":27},"end":{"line":3,"column":76}},"1":{"start":{"line":4,"column":20},"end":{"line":4,"column":47}},"2":{"start":{"line":5,"column":29},"end":{"line":5,"column":66}},"3":{"start":{"line":6,"column":29},"end":{"line":6,"column":66}},"4":{"start":{"line":9,"column":18},"end":{"line":9,"column":93}},"5":{"start":{"line":10,"column":2},"end":{"line":10,"column":81}},"6":{"start":{"line":11,"column":22},"end":{"line":11,"column":58}},"7":{"start":{"line":12,"column":2},"end":{"line":12,"column":89}},"8":{"start":{"line":12,"column":24},"end":{"line":12,"column":89}},"9":{"start":{"line":13,"column":2},"end":{"line":13,"column":89}},"10":{"start":{"line":13,"column":24},"end":{"line":13,"column":89}},"11":{"start":{"line":17,"column":2},"end":{"line":17,"column":85}},"12":{"start":{"line":18,"column":2},"end":{"line":18,"column":66}},"13":{"start":{"line":19,"column":2},"end":{"line":19,"column":66}},"14":{"start":{"line":20,"column":2},"end":{"line":20,"column":89}},"15":{"start":{"line":20,"column":24},"end":{"line":20,"column":89}},"16":{"start":{"line":21,"column":2},"end":{"line":21,"column":89}},"17":{"start":{"line":21,"column":24},"end":{"line":21,"column":89}},"18":{"start":{"line":25,"column":17},"end":{"line":25,"column":69}},"19":{"start":{"line":26,"column":2},"end":{"line":26,"column":63}},"20":{"start":{"line":30,"column":17},"end":{"line":30,"column":69}},"21":{"start":{"line":31,"column":2},"end":{"line":31,"column":66}},"22":{"start":{"line":35,"column":17},"end":{"line":35,"column":60}},"23":{"start":{"line":36,"column":2},"end":{"line":36,"column":21}},"24":{"start":{"line":40,"column":17},"end":{"line":40,"column":62}},"25":{"start":{"line":41,"column":2},"end":{"line":41,"column":16}},"26":{"start":{"line":45,"column":17},"end":{"line":45,"column":103}},"27":{"start":{"line":46,"column":2},"end":{"line":46,"column":21}},"28":{"start":{"line":50,"column":2},"end":{"line":50,"column":108}},"29":{"start":{"line":53,"column":0},"end":{"line":62,"column":2}}},"fnMap":{"0":{"name":"createProducer","decl":{"start":{"line":8,"column":15},"end":{"line":8,"column":29}},"loc":{"start":{"line":8,"column":80},"end":{"line":14,"column":1}},"line":8},"1":{"name":"updateProducer","decl":{"start":{"line":16,"column":15},"end":{"line":16,"column":29}},"loc":{"start":{"line":16,"column":87},"end":{"line":22,"column":1}},"line":16},"2":{"name":"getProducerByUserId","decl":{"start":{"line":24,"column":15},"end":{"line":24,"column":34}},"loc":{"start":{"line":24,"column":43},"end":{"line":27,"column":1}},"line":24},"3":{"name":"getProducerIdByUserId","decl":{"start":{"line":29,"column":15},"end":{"line":29,"column":36}},"loc":{"start":{"line":29,"column":45},"end":{"line":32,"column":1}},"line":29},"4":{"name":"getProducers","decl":{"start":{"line":34,"column":15},"end":{"line":34,"column":27}},"loc":{"start":{"line":34,"column":34},"end":{"line":37,"column":1}},"line":34},"5":{"name":"getProducersAmount","decl":{"start":{"line":39,"column":15},"end":{"line":39,"column":33}},"loc":{"start":{"line":39,"column":36},"end":{"line":42,"column":1}},"line":39},"6":{"name":"getProducersByStepsAndTypesAndRegion","decl":{"start":{"line":44,"column":15},"end":{"line":44,"column":51}},"loc":{"start":{"line":44,"column":77},"end":{"line":47,"column":1}},"line":44},"7":{"name":"deleteProducer","decl":{"start":{"line":49,"column":15},"end":{"line":49,"column":29}},"loc":{"start":{"line":49,"column":47},"end":{"line":51,"column":1}},"line":49}},"branchMap":{"0":{"loc":{"start":{"line":12,"column":2},"end":{"line":12,"column":89}},"type":"if","locations":[{"start":{"line":12,"column":2},"end":{"line":12,"column":89}},{"start":{"line":12,"column":2},"end":{"line":12,"column":89}}],"line":12},"1":{"loc":{"start":{"line":13,"column":2},"end":{"line":13,"column":89}},"type":"if","locations":[{"start":{"line":13,"column":2},"end":{"line":13,"column":89}},{"start":{"line":13,"column":2},"end":{"line":13,"column":89}}],"line":13},"2":{"loc":{"start":{"line":20,"column":2},"end":{"line":20,"column":89}},"type":"if","locations":[{"start":{"line":20,"column":2},"end":{"line":20,"column":89}},{"start":{"line":20,"column":2},"end":{"line":20,"column":89}}],"line":20},"3":{"loc":{"start":{"line":21,"column":2},"end":{"line":21,"column":89}},"type":"if","locations":[{"start":{"line":21,"column":2},"end":{"line":21,"column":89}},{"start":{"line":21,"column":2},"end":{"line":21,"column":89}}],"line":21},"4":{"loc":{"start":{"line":26,"column":9},"end":{"line":26,"column":62}},"type":"cond-expr","locations":[{"start":{"line":26,"column":36},"end":{"line":26,"column":45}},{"start":{"line":26,"column":48},"end":{"line":26,"column":62}}],"line":26},"5":{"loc":{"start":{"line":31,"column":9},"end":{"line":31,"column":65}},"type":"cond-expr","locations":[{"start":{"line":31,"column":36},"end":{"line":31,"column":45}},{"start":{"line":31,"column":48},"end":{"line":31,"column":65}}],"line":31}},"s":{"0":1,"1":1,"2":1,"3":1,"4":2,"5":2,"6":2,"7":2,"8":0,"9":2,"10":0,"11":1,"12":1,"13":1,"14":1,"15":0,"16":1,"17":0,"18":1,"19":1,"20":5,"21":5,"22":0,"23":0,"24":0,"25":0,"26":1,"27":1,"28":2,"29":1},"f":{"0":2,"1":1,"2":1,"3":5,"4":0,"5":0,"6":1,"7":2},"b":{"0":[0,2],"1":[0,2],"2":[0,1],"3":[0,1],"4":[1,0],"5":[2,3]},"_coverageSchema":"1a1c01bbd47fc00a2c39e90264f33305004495a9","hash":"e9de69c01f6b535966560b4da6d7c6c92813f2e7"}
,"C:\\Users\\nazar\\OneDrive\\Документы\\JS Projects\\order_application_for_sewing\\src\\service\\ProducersStepsService.js": {"path":"C:\\Users\\nazar\\OneDrive\\Документы\\JS Projects\\order_application_for_sewing\\src\\service\\ProducersStepsService.js","statementMap":{"0":{"start":{"line":3,"column":32},"end":{"line":3,"column":87}},"1":{"start":{"line":6,"column":2},"end":{"line":6,"column":74}},"2":{"start":{"line":10,"column":17},"end":{"line":10,"column":80}},"3":{"start":{"line":11,"column":2},"end":{"line":11,"column":21}},"4":{"start":{"line":15,"column":2},"end":{"line":15,"column":69}},"5":{"start":{"line":18,"column":0},"end":{"line":22,"column":2}}},"fnMap":{"0":{"name":"addProducersSteps","decl":{"start":{"line":5,"column":15},"end":{"line":5,"column":32}},"loc":{"start":{"line":5,"column":57},"end":{"line":7,"column":1}},"line":5},"1":{"name":"getStepsByProducerId","decl":{"start":{"line":9,"column":15},"end":{"line":9,"column":35}},"loc":{"start":{"line":9,"column":49},"end":{"line":12,"column":1}},"line":9},"2":{"name":"deleteStepsByProducerId","decl":{"start":{"line":14,"column":15},"end":{"line":14,"column":38}},"loc":{"start":{"line":14,"column":52},"end":{"line":16,"column":1}},"line":14}},"branchMap":{},"s":{"0":1,"1":0,"2":0,"3":0,"4":1,"5":1},"f":{"0":0,"1":0,"2":1},"b":{},"_coverageSchema":"1a1c01bbd47fc00a2c39e90264f33305004495a9","hash":"9da0f4716fb04e2fb07f2d059f324722071df69b"}
,"C:\\Users\\nazar\\OneDrive\\Документы\\JS Projects\\order_application_for_sewing\\src\\service\\ProducersTypesService.js": {"path":"C:\\Users\\nazar\\OneDrive\\Документы\\JS Projects\\order_application_for_sewing\\src\\service\\ProducersTypesService.js","statementMap":{"0":{"start":{"line":3,"column":32},"end":{"line":3,"column":87}},"1":{"start":{"line":6,"column":2},"end":{"line":6,"column":74}},"2":{"start":{"line":10,"column":17},"end":{"line":10,"column":80}},"3":{"start":{"line":11,"column":2},"end":{"line":11,"column":21}},"4":{"start":{"line":15,"column":2},"end":{"line":15,"column":69}},"5":{"start":{"line":18,"column":0},"end":{"line":22,"column":2}}},"fnMap":{"0":{"name":"addProducersTypes","decl":{"start":{"line":5,"column":15},"end":{"line":5,"column":32}},"loc":{"start":{"line":5,"column":57},"end":{"line":7,"column":1}},"line":5},"1":{"name":"getTypesByProducerId","decl":{"start":{"line":9,"column":15},"end":{"line":9,"column":35}},"loc":{"start":{"line":9,"column":49},"end":{"line":12,"column":1}},"line":9},"2":{"name":"deleteTypesByProducerId","decl":{"start":{"line":14,"column":15},"end":{"line":14,"column":38}},"loc":{"start":{"line":14,"column":52},"end":{"line":16,"column":1}},"line":14}},"branchMap":{},"s":{"0":1,"1":0,"2":0,"3":0,"4":1,"5":1},"f":{"0":0,"1":0,"2":1},"b":{},"_coverageSchema":"1a1c01bbd47fc00a2c39e90264f33305004495a9","hash":"4d3375e96f5f10c490306eae9b060bfebbadc276"}
,"C:\\Users\\nazar\\OneDrive\\Документы\\JS Projects\\order_application_for_sewing\\src\\service\\RegionService.js": {"path":"C:\\Users\\nazar\\OneDrive\\Документы\\JS Projects\\order_application_for_sewing\\src\\service\\RegionService.js","statementMap":{"0":{"start":{"line":3,"column":25},"end":{"line":3,"column":72}},"1":{"start":{"line":6,"column":17},"end":{"line":6,"column":58}},"2":{"start":{"line":7,"column":2},"end":{"line":7,"column":21}},"3":{"start":{"line":10,"column":0},"end":{"line":12,"column":2}}},"fnMap":{"0":{"name":"getAllRegions","decl":{"start":{"line":5,"column":15},"end":{"line":5,"column":28}},"loc":{"start":{"line":5,"column":31},"end":{"line":8,"column":1}},"line":5}},"branchMap":{},"s":{"0":1,"1":5,"2":5,"3":1},"f":{"0":5},"b":{},"_coverageSchema":"1a1c01bbd47fc00a2c39e90264f33305004495a9","hash":"f1ff50a2f0d2fdbfbca0c26b281cd265f9666d67"}
,"C:\\Users\\nazar\\OneDrive\\Документы\\JS Projects\\order_application_for_sewing\\src\\service\\StepService.js": {"path":"C:\\Users\\nazar\\OneDrive\\Документы\\JS Projects\\order_application_for_sewing\\src\\service\\StepService.js","statementMap":{"0":{"start":{"line":3,"column":23},"end":{"line":3,"column":65}},"1":{"start":{"line":6,"column":17},"end":{"line":6,"column":51}},"2":{"start":{"line":7,"column":2},"end":{"line":7,"column":21}},"3":{"start":{"line":10,"column":0},"end":{"line":12,"column":2}}},"fnMap":{"0":{"name":"getAllSteps","decl":{"start":{"line":5,"column":15},"end":{"line":5,"column":26}},"loc":{"start":{"line":5,"column":29},"end":{"line":8,"column":1}},"line":5}},"branchMap":{},"s":{"0":1,"1":5,"2":5,"3":1},"f":{"0":5},"b":{},"_coverageSchema":"1a1c01bbd47fc00a2c39e90264f33305004495a9","hash":"5bb087e2393e826106d855ab245200b1bb81bc5f"}
,"C:\\Users\\nazar\\OneDrive\\Документы\\JS Projects\\order_application_for_sewing\\src\\service\\TypeService.js": {"path":"C:\\Users\\nazar\\OneDrive\\Документы\\JS Projects\\order_application_for_sewing\\src\\service\\TypeService.js","statementMap":{"0":{"start":{"line":3,"column":23},"end":{"line":3,"column":65}},"1":{"start":{"line":6,"column":17},"end":{"line":6,"column":51}},"2":{"start":{"line":7,"column":2},"end":{"line":7,"column":21}},"3":{"start":{"line":10,"column":0},"end":{"line":12,"column":2}}},"fnMap":{"0":{"name":"getAllTypes","decl":{"start":{"line":5,"column":15},"end":{"line":5,"column":26}},"loc":{"start":{"line":5,"column":29},"end":{"line":8,"column":1}},"line":5}},"branchMap":{},"s":{"0":1,"1":5,"2":5,"3":1},"f":{"0":5},"b":{},"_coverageSchema":"1a1c01bbd47fc00a2c39e90264f33305004495a9","hash":"63cf28dd4256b5bd7c9a4cda165b802a6fdf03d8"}
,"C:\\Users\\nazar\\OneDrive\\Документы\\JS Projects\\order_application_for_sewing\\src\\service\\UserService.js": {"path":"C:\\Users\\nazar\\OneDrive\\Документы\\JS Projects\\order_application_for_sewing\\src\\service\\UserService.js","statementMap":{"0":{"start":{"line":3,"column":23},"end":{"line":3,"column":68}},"1":{"start":{"line":4,"column":19},"end":{"line":4,"column":52}},"2":{"start":{"line":7,"column":2},"end":{"line":7,"column":73}},"3":{"start":{"line":11,"column":2},"end":{"line":11,"column":51}},"4":{"start":{"line":15,"column":2},"end":{"line":15,"column":93}},"5":{"start":{"line":19,"column":2},"end":{"line":19,"column":65}},"6":{"start":{"line":23,"column":17},"end":{"line":23,"column":83}},"7":{"start":{"line":24,"column":2},"end":{"line":24,"column":24}},"8":{"start":{"line":28,"column":2},"end":{"line":28,"column":78}},"9":{"start":{"line":32,"column":17},"end":{"line":32,"column":83}},"10":{"start":{"line":33,"column":2},"end":{"line":33,"column":27}},"11":{"start":{"line":37,"column":17},"end":{"line":37,"column":59}},"12":{"start":{"line":38,"column":2},"end":{"line":38,"column":61}},"13":{"start":{"line":42,"column":22},"end":{"line":42,"column":37}},"14":{"start":{"line":43,"column":2},"end":{"line":43,"column":50}},"15":{"start":{"line":44,"column":2},"end":{"line":44,"column":88}},"16":{"start":{"line":48,"column":2},"end":{"line":48,"column":69}},"17":{"start":{"line":52,"column":15},"end":{"line":52,"column":17}},"18":{"start":{"line":53,"column":21},"end":{"line":53,"column":85}},"19":{"start":{"line":54,"column":2},"end":{"line":56,"column":3}},"20":{"start":{"line":54,"column":15},"end":{"line":54,"column":16}},"21":{"start":{"line":55,"column":4},"end":{"line":55,"column":79}},"22":{"start":{"line":57,"column":2},"end":{"line":57,"column":16}},"23":{"start":{"line":60,"column":0},"end":{"line":71,"column":2}}},"fnMap":{"0":{"name":"isEmailAlreadyUsed","decl":{"start":{"line":6,"column":15},"end":{"line":6,"column":33}},"loc":{"start":{"line":6,"column":41},"end":{"line":8,"column":1}},"line":6},"1":{"name":"createUser","decl":{"start":{"line":10,"column":15},"end":{"line":10,"column":25}},"loc":{"start":{"line":10,"column":43},"end":{"line":12,"column":1}},"line":10},"2":{"name":"findUserByEmailAndPassword","decl":{"start":{"line":14,"column":15},"end":{"line":14,"column":41}},"loc":{"start":{"line":14,"column":59},"end":{"line":16,"column":1}},"line":14},"3":{"name":"updatePasswordByEmail","decl":{"start":{"line":18,"column":15},"end":{"line":18,"column":36}},"loc":{"start":{"line":18,"column":57},"end":{"line":20,"column":1}},"line":18},"4":{"name":"getAllInformationAboutUser","decl":{"start":{"line":22,"column":15},"end":{"line":22,"column":41}},"loc":{"start":{"line":22,"column":59},"end":{"line":25,"column":1}},"line":22},"5":{"name":"updatePhoneAndNameOfUser","decl":{"start":{"line":27,"column":15},"end":{"line":27,"column":39}},"loc":{"start":{"line":27,"column":70},"end":{"line":29,"column":1}},"line":27},"6":{"name":"getUserIdByEmailAndPassword","decl":{"start":{"line":31,"column":15},"end":{"line":31,"column":42}},"loc":{"start":{"line":31,"column":60},"end":{"line":34,"column":1}},"line":31},"7":{"name":"getUserByEmail","decl":{"start":{"line":36,"column":15},"end":{"line":36,"column":29}},"loc":{"start":{"line":36,"column":37},"end":{"line":39,"column":1}},"line":36},"8":{"name":"forgotPassword","decl":{"start":{"line":41,"column":15},"end":{"line":41,"column":29}},"loc":{"start":{"line":41,"column":37},"end":{"line":45,"column":1}},"line":41},"9":{"name":"deletePasswordByEmailAndPassword","decl":{"start":{"line":47,"column":15},"end":{"line":47,"column":47}},"loc":{"start":{"line":47,"column":65},"end":{"line":49,"column":1}},"line":47},"10":{"name":"makeKey","decl":{"start":{"line":51,"column":15},"end":{"line":51,"column":22}},"loc":{"start":{"line":51,"column":25},"end":{"line":58,"column":1}},"line":51}},"branchMap":{"0":{"loc":{"start":{"line":38,"column":9},"end":{"line":38,"column":60}},"type":"cond-expr","locations":[{"start":{"line":38,"column":34},"end":{"line":38,"column":48}},{"start":{"line":38,"column":51},"end":{"line":38,"column":60}}],"line":38}},"s":{"0":1,"1":1,"2":2,"3":20,"4":14,"5":4,"6":3,"7":3,"8":2,"9":12,"10":12,"11":4,"12":4,"13":2,"14":2,"15":2,"16":17,"17":2,"18":2,"19":2,"20":2,"21":20,"22":2,"23":1},"f":{"0":2,"1":20,"2":14,"3":4,"4":3,"5":2,"6":12,"7":4,"8":2,"9":17,"10":2},"b":{"0":[4,0]},"_coverageSchema":"1a1c01bbd47fc00a2c39e90264f33305004495a9","hash":"8e06ba96af3e3b2ae221e4df8cb0a285c9937a81"}
}
