TN:
SF:index.js
FN:21,(anonymous_0)
FNF:1
FNH:0
FNDA:0,(anonymous_0)
DA:3,1
DA:4,1
DA:5,1
DA:6,1
DA:8,1
DA:9,1
DA:11,1
DA:18,1
DA:19,1
DA:21,1
DA:22,0
DA:24,1
LF:12
LH:11
BRDA:9,0,0,1
BRDA:9,0,1,1
BRF:2
BRH:2
end_of_record
TN:
SF:src\router.js
FN:17,(anonymous_0)
FN:20,(anonymous_1)
FN:23,(anonymous_2)
FN:26,(anonymous_3)
FN:33,(anonymous_4)
FN:36,(anonymous_5)
FN:48,(anonymous_6)
FN:62,(anonymous_7)
FN:106,(anonymous_8)
FN:115,(anonymous_9)
FN:129,(anonymous_10)
FN:143,(anonymous_11)
FN:149,(anonymous_12)
FN:153,(anonymous_13)
FN:162,(anonymous_14)
FN:170,(anonymous_15)
FN:176,(anonymous_16)
FN:180,(anonymous_17)
FN:189,(anonymous_18)
FN:197,(anonymous_19)
FN:200,(anonymous_20)
FNF:21
FNH:21
FNDA:1,(anonymous_0)
FNDA:1,(anonymous_1)
FNDA:1,(anonymous_2)
FNDA:11,(anonymous_3)
FNDA:1,(anonymous_4)
FNDA:1,(anonymous_5)
FNDA:1,(anonymous_6)
FNDA:1,(anonymous_7)
FNDA:1,(anonymous_8)
FNDA:2,(anonymous_9)
FNDA:1,(anonymous_10)
FNDA:1,(anonymous_11)
FNDA:1,(anonymous_12)
FNDA:1,(anonymous_13)
FNDA:2,(anonymous_14)
FNDA:1,(anonymous_15)
FNDA:1,(anonymous_16)
FNDA:1,(anonymous_17)
FNDA:1,(anonymous_18)
FNDA:1,(anonymous_19)
FNDA:1,(anonymous_20)
DA:2,1
DA:3,1
DA:4,1
DA:5,1
DA:6,1
DA:7,1
DA:8,1
DA:9,1
DA:10,1
DA:11,1
DA:12,1
DA:14,1
DA:16,1
DA:18,1
DA:21,1
DA:24,1
DA:27,11
DA:28,11
DA:29,11
DA:30,11
DA:31,0
DA:34,1
DA:37,1
DA:38,1
DA:39,0
DA:41,1
DA:42,1
DA:43,1
DA:49,1
DA:50,1
DA:51,1
DA:52,1
DA:53,1
DA:54,1
DA:56,0
DA:59,0
DA:63,1
DA:64,1
DA:65,1
DA:66,1
DA:67,1
DA:68,1
DA:69,1
DA:70,1
DA:71,0
DA:72,0
DA:73,0
DA:74,0
DA:75,0
DA:76,0
DA:77,0
DA:81,0
DA:82,0
DA:83,0
DA:84,0
DA:85,0
DA:90,1
DA:103,0
DA:107,1
DA:108,1
DA:109,1
DA:110,1
DA:112,0
DA:116,2
DA:117,2
DA:118,2
DA:119,2
DA:120,2
DA:121,2
DA:123,0
DA:126,0
DA:130,1
DA:131,1
DA:132,1
DA:133,1
DA:134,1
DA:135,1
DA:137,0
DA:140,0
DA:144,1
DA:145,1
DA:146,1
DA:147,1
DA:150,1
DA:151,1
DA:154,1
DA:155,1
DA:156,1
DA:157,1
DA:158,1
DA:159,1
DA:160,0
DA:163,2
DA:164,2
DA:165,2
DA:167,2
DA:168,0
DA:171,1
DA:172,1
DA:173,1
DA:174,1
DA:177,1
DA:178,1
DA:181,1
DA:182,1
DA:183,1
DA:184,1
DA:185,1
DA:186,1
DA:187,0
DA:190,1
DA:191,1
DA:192,0
DA:193,0
DA:194,0
DA:195,1
DA:198,1
DA:201,1
DA:202,1
DA:203,1
DA:204,1
DA:205,0
DA:208,1
LF:123
LH:94
BRDA:28,0,0,11
BRDA:28,0,1,0
BRDA:38,1,0,0
BRDA:38,1,1,1
BRDA:50,2,0,1
BRDA:50,2,1,0
BRDA:51,3,0,1
BRDA:51,3,1,0
BRDA:64,4,0,1
BRDA:64,4,1,0
BRDA:70,5,0,0
BRDA:70,5,1,1
BRDA:75,6,0,0
BRDA:75,6,1,0
BRDA:83,7,0,0
BRDA:83,7,1,0
BRDA:99,8,0,1
BRDA:99,8,1,0
BRDA:100,9,0,1
BRDA:100,9,1,0
BRDA:108,10,0,1
BRDA:108,10,1,0
BRDA:117,11,0,2
BRDA:117,11,1,0
BRDA:119,12,0,2
BRDA:119,12,1,0
BRDA:131,13,0,1
BRDA:131,13,1,0
BRDA:133,14,0,1
BRDA:133,14,1,0
BRDA:155,15,0,1
BRDA:155,15,1,0
BRDA:164,16,0,2
BRDA:164,16,1,0
BRDA:182,17,0,1
BRDA:182,17,1,0
BRDA:191,18,0,0
BRDA:191,18,1,1
BRDA:202,19,0,1
BRDA:202,19,1,0
BRF:40
BRH:18
end_of_record
TN:
SF:src\auth\WorkWithToken.js
FN:5,createToken
FN:13,verifyToken
FN:15,(anonymous_2)
FNF:3
FNH:3
FNDA:13,createToken
FNDA:11,verifyToken
FNDA:11,(anonymous_2)
DA:2,1
DA:3,1
DA:6,13
DA:10,13
DA:15,11
DA:16,11
DA:18,11
DA:21,1
LF:8
LH:8
BRF:0
BRH:0
end_of_record
TN:
SF:src\db\Connection.js
FN:13,(anonymous_0)
FN:16,(anonymous_1)
FNF:2
FNH:1
FNDA:1,(anonymous_0)
FNDA:0,(anonymous_1)
DA:2,1
DA:4,1
DA:5,1
DA:12,1
DA:14,1
DA:16,0
DA:18,1
LF:7
LH:6
BRF:0
BRH:0
end_of_record
TN:
SF:src\db\repository\OrderRepository.js
FN:5,createOrder
FN:8,(anonymous_1)
FN:9,(anonymous_2)
FN:12,getOrderByAll
FN:15,(anonymous_4)
FN:16,(anonymous_5)
FN:19,getOrderByUserIdAndAvailable
FN:22,(anonymous_7)
FN:23,(anonymous_8)
FN:26,disableOrderByOrderId
FN:29,(anonymous_10)
FN:30,(anonymous_11)
FN:33,getOrdersByStepsAndTypesAndRegion
FN:36,(anonymous_13)
FN:37,(anonymous_14)
FN:40,deleteOrder
FN:43,(anonymous_16)
FN:44,(anonymous_17)
FN:47,findLastOrder
FN:50,(anonymous_19)
FN:51,(anonymous_20)
FN:54,(anonymous_21)
FN:56,(anonymous_22)
FN:58,(anonymous_23)
FN:113,(anonymous_24)
FN:115,(anonymous_25)
FN:118,(anonymous_26)
FN:123,(anonymous_27)
FNF:28
FNH:18
FNDA:2,createOrder
FNDA:2,(anonymous_1)
FNDA:0,(anonymous_2)
FNDA:2,getOrderByAll
FNDA:2,(anonymous_4)
FNDA:0,(anonymous_5)
FNDA:2,getOrderByUserIdAndAvailable
FNDA:2,(anonymous_7)
FNDA:0,(anonymous_8)
FNDA:0,disableOrderByOrderId
FNDA:0,(anonymous_10)
FNDA:0,(anonymous_11)
FNDA:1,getOrdersByStepsAndTypesAndRegion
FNDA:1,(anonymous_13)
FNDA:0,(anonymous_14)
FNDA:2,deleteOrder
FNDA:2,(anonymous_16)
FNDA:0,(anonymous_17)
FNDA:1,findLastOrder
FNDA:1,(anonymous_19)
FNDA:0,(anonymous_20)
FNDA:1,(anonymous_21)
FNDA:2,(anonymous_22)
FNDA:1,(anonymous_23)
FNDA:0,(anonymous_24)
FNDA:2,(anonymous_25)
FNDA:2,(anonymous_26)
FNDA:2,(anonymous_27)
DA:3,1
DA:6,2
DA:8,2
DA:9,0
DA:13,2
DA:15,2
DA:16,0
DA:20,2
DA:22,2
DA:23,0
DA:27,0
DA:29,0
DA:30,0
DA:34,1
DA:36,1
DA:37,0
DA:41,2
DA:43,2
DA:44,0
DA:48,1
DA:50,1
DA:51,0
DA:54,1
DA:56,2
DA:58,1
DA:59,1
DA:60,1
DA:61,1
DA:69,0
DA:77,1
DA:78,1
DA:79,1
DA:80,2
DA:81,1
DA:83,1
DA:86,1
DA:90,0
DA:94,1
DA:95,1
DA:96,1
DA:97,2
DA:98,1
DA:100,1
DA:103,1
DA:107,0
DA:110,1
DA:113,1
DA:115,2
DA:118,1
DA:119,2
DA:123,1
DA:124,2
DA:127,1
LF:53
LH:41
BRDA:60,0,0,1
BRDA:60,0,1,0
BRDA:77,1,0,1
BRDA:77,1,1,0
BRDA:80,2,0,1
BRDA:80,2,1,1
BRDA:94,3,0,1
BRDA:94,3,1,0
BRDA:97,4,0,1
BRDA:97,4,1,1
BRF:10
BRH:7
end_of_record
TN:
SF:src\db\repository\OrdersStepsRepository.js
FN:5,createOrdersSteps
FN:8,(anonymous_1)
FN:9,(anonymous_2)
FN:12,(anonymous_3)
FNF:4
FNH:0
FNDA:0,createOrdersSteps
FNDA:0,(anonymous_1)
FNDA:0,(anonymous_2)
FNDA:0,(anonymous_3)
DA:3,1
DA:6,0
DA:8,0
DA:9,0
DA:12,1
DA:13,0
DA:14,0
DA:15,0
DA:16,0
DA:17,0
DA:19,0
DA:22,1
LF:12
LH:3
BRDA:15,0,0,0
BRDA:15,0,1,0
BRF:2
BRH:0
end_of_record
TN:
SF:src\db\repository\OrdersTypesRepository.js
FN:5,createOrdersTypes
FN:8,(anonymous_1)
FN:9,(anonymous_2)
FN:12,(anonymous_3)
FNF:4
FNH:0
FNDA:0,createOrdersTypes
FNDA:0,(anonymous_1)
FNDA:0,(anonymous_2)
FNDA:0,(anonymous_3)
DA:3,1
DA:6,0
DA:8,0
DA:9,0
DA:12,1
DA:13,0
DA:14,0
DA:15,0
DA:16,0
DA:17,0
DA:19,0
DA:22,1
LF:12
LH:3
BRDA:15,0,0,0
BRDA:15,0,1,0
BRF:2
BRH:0
end_of_record
TN:
SF:src\db\repository\ProducerRepository.js
FN:5,createProducer
FN:8,(anonymous_1)
FN:9,(anonymous_2)
FN:12,getProducerByUserId
FN:15,(anonymous_4)
FN:16,(anonymous_5)
FN:19,updateProducer
FN:22,(anonymous_7)
FN:23,(anonymous_8)
FN:26,getProducers
FN:29,(anonymous_10)
FN:30,(anonymous_11)
FN:33,getProducersAmount
FN:36,(anonymous_13)
FN:37,(anonymous_14)
FN:40,getProducersByStepsAndTypesAndRegion
FN:43,(anonymous_16)
FN:44,(anonymous_17)
FN:47,deleteProducer
FN:50,(anonymous_19)
FN:51,(anonymous_20)
FN:54,(anonymous_21)
FN:56,(anonymous_22)
FN:108,(anonymous_23)
FN:110,(anonymous_24)
FN:112,(anonymous_25)
FN:114,(anonymous_26)
FN:118,(anonymous_27)
FNF:28
FNH:15
FNDA:2,createProducer
FNDA:2,(anonymous_1)
FNDA:0,(anonymous_2)
FNDA:6,getProducerByUserId
FNDA:6,(anonymous_4)
FNDA:0,(anonymous_5)
FNDA:1,updateProducer
FNDA:1,(anonymous_7)
FNDA:0,(anonymous_8)
FNDA:0,getProducers
FNDA:0,(anonymous_10)
FNDA:0,(anonymous_11)
FNDA:0,getProducersAmount
FNDA:0,(anonymous_13)
FNDA:0,(anonymous_14)
FNDA:1,getProducersByStepsAndTypesAndRegion
FNDA:1,(anonymous_16)
FNDA:0,(anonymous_17)
FNDA:2,deleteProducer
FNDA:2,(anonymous_19)
FNDA:0,(anonymous_20)
FNDA:2,(anonymous_21)
FNDA:1,(anonymous_22)
FNDA:0,(anonymous_23)
FNDA:0,(anonymous_24)
FNDA:1,(anonymous_25)
FNDA:2,(anonymous_26)
FNDA:6,(anonymous_27)
DA:3,1
DA:6,2
DA:8,2
DA:9,0
DA:13,6
DA:15,6
DA:16,0
DA:20,1
DA:22,1
DA:23,0
DA:27,0
DA:29,0
DA:30,0
DA:34,0
DA:36,0
DA:37,0
DA:41,1
DA:43,1
DA:44,0
DA:48,2
DA:50,2
DA:51,0
DA:54,2
DA:56,1
DA:58,1
DA:59,1
DA:65,0
DA:72,1
DA:73,1
DA:74,1
DA:75,2
DA:76,1
DA:78,1
DA:81,1
DA:85,0
DA:89,1
DA:90,1
DA:91,1
DA:92,2
DA:93,1
DA:95,1
DA:98,1
DA:102,0
DA:105,1
DA:108,1
DA:110,1
DA:112,1
DA:114,1
DA:115,2
DA:118,6
DA:120,1
LF:51
LH:37
BRDA:58,0,0,1
BRDA:58,0,1,0
BRDA:72,1,0,1
BRDA:72,1,1,0
BRDA:75,2,0,1
BRDA:75,2,1,1
BRDA:89,3,0,1
BRDA:89,3,1,0
BRDA:92,4,0,1
BRDA:92,4,1,1
BRF:10
BRH:7
end_of_record
TN:
SF:src\db\repository\ProducersStepsRepository.js
FN:5,addProducersSteps
FN:8,(anonymous_1)
FN:9,(anonymous_2)
FN:12,getStepsByProducerId
FN:15,(anonymous_4)
FN:16,(anonymous_5)
FN:19,deleteStepsByProducerId
FN:22,(anonymous_7)
FN:23,(anonymous_8)
FN:26,(anonymous_9)
FN:28,(anonymous_10)
FN:30,(anonymous_11)
FNF:12
FNH:3
FNDA:0,addProducersSteps
FNDA:0,(anonymous_1)
FNDA:0,(anonymous_2)
FNDA:0,getStepsByProducerId
FNDA:0,(anonymous_4)
FNDA:0,(anonymous_5)
FNDA:1,deleteStepsByProducerId
FNDA:1,(anonymous_7)
FNDA:0,(anonymous_8)
FNDA:1,(anonymous_9)
FNDA:0,(anonymous_10)
FNDA:0,(anonymous_11)
DA:3,1
DA:6,0
DA:8,0
DA:9,0
DA:13,0
DA:15,0
DA:16,0
DA:20,1
DA:22,1
DA:23,0
DA:26,1
DA:28,1
DA:30,1
DA:31,0
DA:33,0
DA:34,0
DA:36,0
DA:39,1
LF:18
LH:7
BRF:0
BRH:0
end_of_record
TN:
SF:src\db\repository\ProducersTypesRepository.js
FN:5,addProducersTypes
FN:8,(anonymous_1)
FN:9,(anonymous_2)
FN:12,getTypesByProducerId
FN:15,(anonymous_4)
FN:16,(anonymous_5)
FN:19,deleteTypesByProducerId
FN:22,(anonymous_7)
FN:23,(anonymous_8)
FN:26,(anonymous_9)
FN:28,(anonymous_10)
FN:30,(anonymous_11)
FNF:12
FNH:3
FNDA:0,addProducersTypes
FNDA:0,(anonymous_1)
FNDA:0,(anonymous_2)
FNDA:0,getTypesByProducerId
FNDA:0,(anonymous_4)
FNDA:0,(anonymous_5)
FNDA:1,deleteTypesByProducerId
FNDA:1,(anonymous_7)
FNDA:0,(anonymous_8)
FNDA:1,(anonymous_9)
FNDA:0,(anonymous_10)
FNDA:0,(anonymous_11)
DA:3,1
DA:6,0
DA:8,0
DA:9,0
DA:13,0
DA:15,0
DA:16,0
DA:20,1
DA:22,1
DA:23,0
DA:26,1
DA:28,1
DA:30,1
DA:31,0
DA:33,0
DA:34,0
DA:36,0
DA:39,1
LF:18
LH:7
BRF:0
BRH:0
end_of_record
TN:
SF:src\db\repository\RegionRepository.js
FN:5,selectAllRegions
FN:8,(anonymous_1)
FN:9,(anonymous_2)
FN:12,(anonymous_3)
FNF:4
FNH:3
FNDA:5,selectAllRegions
FNDA:5,(anonymous_1)
FNDA:0,(anonymous_2)
FNDA:5,(anonymous_3)
DA:3,1
DA:6,5
DA:8,5
DA:9,0
DA:12,5
DA:14,1
LF:6
LH:5
BRF:0
BRH:0
end_of_record
TN:
SF:src\db\repository\StepRepository.js
FN:5,getAllSteps
FN:8,(anonymous_1)
FN:9,(anonymous_2)
FN:12,(anonymous_3)
FNF:4
FNH:3
FNDA:5,getAllSteps
FNDA:5,(anonymous_1)
FNDA:0,(anonymous_2)
FNDA:5,(anonymous_3)
DA:3,1
DA:6,5
DA:8,5
DA:9,0
DA:12,5
DA:14,1
LF:6
LH:5
BRF:0
BRH:0
end_of_record
TN:
SF:src\db\repository\TypeRepository.js
FN:5,getAllTypes
FN:8,(anonymous_1)
FN:9,(anonymous_2)
FN:12,(anonymous_3)
FNF:4
FNH:3
FNDA:5,getAllTypes
FNDA:5,(anonymous_1)
FNDA:0,(anonymous_2)
FNDA:5,(anonymous_3)
DA:3,1
DA:6,5
DA:8,5
DA:9,0
DA:12,5
DA:14,1
LF:6
LH:5
BRF:0
BRH:0
end_of_record
TN:
SF:src\db\repository\UserRepository.js
FN:5,emailIsAlreadyUsed
FN:8,(anonymous_1)
FN:9,(anonymous_2)
FN:12,createUser
FN:15,(anonymous_4)
FN:16,(anonymous_5)
FN:19,searchUserByEmailAndPassword
FN:22,(anonymous_7)
FN:23,(anonymous_8)
FN:26,updatePasswordByEmail
FN:29,(anonymous_10)
FN:30,(anonymous_11)
FN:33,updatePhoneAndNameOfUser
FN:36,(anonymous_13)
FN:37,(anonymous_14)
FN:40,getUserByEmail
FN:43,(anonymous_16)
FN:44,(anonymous_17)
FN:47,deleteUserByEmailAndPassword
FN:50,(anonymous_19)
FN:51,(anonymous_20)
FN:54,(anonymous_21)
FN:56,(anonymous_22)
FN:58,(anonymous_23)
FN:60,(anonymous_24)
FN:62,(anonymous_25)
FN:64,(anonymous_26)
FN:66,(anonymous_27)
FNF:28
FNH:21
FNDA:2,emailIsAlreadyUsed
FNDA:2,(anonymous_1)
FNDA:0,(anonymous_2)
FNDA:20,createUser
FNDA:20,(anonymous_4)
FNDA:0,(anonymous_5)
FNDA:29,searchUserByEmailAndPassword
FNDA:29,(anonymous_7)
FNDA:0,(anonymous_8)
FNDA:4,updatePasswordByEmail
FNDA:4,(anonymous_10)
FNDA:0,(anonymous_11)
FNDA:2,updatePhoneAndNameOfUser
FNDA:2,(anonymous_13)
FNDA:0,(anonymous_14)
FNDA:4,getUserByEmail
FNDA:4,(anonymous_16)
FNDA:0,(anonymous_17)
FNDA:17,deleteUserByEmailAndPassword
FNDA:17,(anonymous_19)
FNDA:0,(anonymous_20)
FNDA:17,(anonymous_21)
FNDA:4,(anonymous_22)
FNDA:2,(anonymous_23)
FNDA:4,(anonymous_24)
FNDA:29,(anonymous_25)
FNDA:2,(anonymous_26)
FNDA:20,(anonymous_27)
DA:3,1
DA:6,2
DA:8,2
DA:9,0
DA:13,20
DA:15,20
DA:16,0
DA:20,29
DA:22,29
DA:23,0
DA:27,4
DA:29,4
DA:30,0
DA:34,2
DA:36,2
DA:37,0
DA:41,4
DA:43,4
DA:44,0
DA:48,17
DA:50,17
DA:51,0
DA:54,17
DA:56,4
DA:58,2
DA:60,4
DA:62,29
DA:64,2
DA:66,20
DA:68,1
LF:30
LH:23
BRF:0
BRH:0
end_of_record
TN:
SF:src\email\MailSender.js
FN:5,(anonymous_0)
FN:19,(anonymous_1)
FNF:2
FNH:2
FNDA:2,(anonymous_0)
FNDA:1,(anonymous_1)
DA:2,1
DA:3,1
DA:5,1
DA:6,2
DA:13,2
DA:19,2
DA:20,1
DA:21,0
DA:26,1
LF:9
LH:8
BRDA:20,0,0,0
BRDA:20,0,1,1
BRF:2
BRH:1
end_of_record
TN:
SF:src\service\OrderService.js
FN:8,createOrder
FN:17,getOrderByAll
FN:22,getOrderByUserIdAndAvailable
FN:27,getOrdersByStepsAndTypesAndRegion
FN:32,disableOrderByOrderIdAndUserId
FN:36,makeKey
FN:45,deleteOrder
FN:49,findLastOrder
FNF:8
FNH:7
FNDA:2,createOrder
FNDA:2,getOrderByAll
FNDA:2,getOrderByUserIdAndAvailable
FNDA:1,getOrdersByStepsAndTypesAndRegion
FNDA:0,disableOrderByOrderIdAndUserId
FNDA:2,makeKey
FNDA:2,deleteOrder
FNDA:1,findLastOrder
DA:3,1
DA:4,1
DA:5,1
DA:6,1
DA:9,2
DA:10,2
DA:11,2
DA:12,2
DA:13,2
DA:14,2
DA:18,2
DA:19,2
DA:23,2
DA:24,2
DA:28,1
DA:29,1
DA:33,0
DA:37,2
DA:38,2
DA:39,2
DA:40,20
DA:42,2
DA:46,2
DA:50,1
DA:53,1
LF:25
LH:24
BRDA:13,0,0,0
BRDA:13,0,1,2
BRDA:14,1,0,0
BRDA:14,1,1,2
BRDA:19,2,0,2
BRDA:19,2,1,0
BRDA:24,3,0,0
BRDA:24,3,1,2
BRDA:29,4,0,0
BRDA:29,4,1,1
BRF:10
BRH:5
end_of_record
TN:
SF:src\service\OrderTypesService.js
FN:5,createOrdersTypes
FNF:1
FNH:0
FNDA:0,createOrdersTypes
DA:3,1
DA:6,0
DA:9,1
LF:3
LH:2
BRF:0
BRH:0
end_of_record
TN:
SF:src\service\OrdersStepsService.js
FN:5,createOrdersSteps
FNF:1
FNH:0
FNDA:0,createOrdersSteps
DA:3,1
DA:6,0
DA:9,1
LF:3
LH:2
BRF:0
BRH:0
end_of_record
TN:
SF:src\service\ProducerService.js
FN:8,createProducer
FN:16,updateProducer
FN:24,getProducerByUserId
FN:29,getProducerIdByUserId
FN:34,getProducers
FN:39,getProducersAmount
FN:44,getProducersByStepsAndTypesAndRegion
FN:49,deleteProducer
FNF:8
FNH:6
FNDA:2,createProducer
FNDA:1,updateProducer
FNDA:1,getProducerByUserId
FNDA:5,getProducerIdByUserId
FNDA:0,getProducers
FNDA:0,getProducersAmount
FNDA:1,getProducersByStepsAndTypesAndRegion
FNDA:2,deleteProducer
DA:3,1
DA:4,1
DA:5,1
DA:6,1
DA:9,2
DA:10,2
DA:11,2
DA:12,2
DA:13,2
DA:17,1
DA:18,1
DA:19,1
DA:20,1
DA:21,1
DA:25,1
DA:26,1
DA:30,5
DA:31,5
DA:35,0
DA:36,0
DA:40,0
DA:41,0
DA:45,1
DA:46,1
DA:50,2
DA:53,1
LF:26
LH:22
BRDA:12,0,0,0
BRDA:12,0,1,2
BRDA:13,1,0,0
BRDA:13,1,1,2
BRDA:20,2,0,0
BRDA:20,2,1,1
BRDA:21,3,0,0
BRDA:21,3,1,1
BRDA:26,4,0,1
BRDA:26,4,1,0
BRDA:31,5,0,2
BRDA:31,5,1,3
BRF:12
BRH:7
end_of_record
TN:
SF:src\service\ProducersStepsService.js
FN:5,addProducersSteps
FN:9,getStepsByProducerId
FN:14,deleteStepsByProducerId
FNF:3
FNH:1
FNDA:0,addProducersSteps
FNDA:0,getStepsByProducerId
FNDA:1,deleteStepsByProducerId
DA:3,1
DA:6,0
DA:10,0
DA:11,0
DA:15,1
DA:18,1
LF:6
LH:3
BRF:0
BRH:0
end_of_record
TN:
SF:src\service\ProducersTypesService.js
FN:5,addProducersTypes
FN:9,getTypesByProducerId
FN:14,deleteTypesByProducerId
FNF:3
FNH:1
FNDA:0,addProducersTypes
FNDA:0,getTypesByProducerId
FNDA:1,deleteTypesByProducerId
DA:3,1
DA:6,0
DA:10,0
DA:11,0
DA:15,1
DA:18,1
LF:6
LH:3
BRF:0
BRH:0
end_of_record
TN:
SF:src\service\RegionService.js
FN:5,getAllRegions
FNF:1
FNH:1
FNDA:5,getAllRegions
DA:3,1
DA:6,5
DA:7,5
DA:10,1
LF:4
LH:4
BRF:0
BRH:0
end_of_record
TN:
SF:src\service\StepService.js
FN:5,getAllSteps
FNF:1
FNH:1
FNDA:5,getAllSteps
DA:3,1
DA:6,5
DA:7,5
DA:10,1
LF:4
LH:4
BRF:0
BRH:0
end_of_record
TN:
SF:src\service\TypeService.js
FN:5,getAllTypes
FNF:1
FNH:1
FNDA:5,getAllTypes
DA:3,1
DA:6,5
DA:7,5
DA:10,1
LF:4
LH:4
BRF:0
BRH:0
end_of_record
TN:
SF:src\service\UserService.js
FN:6,isEmailAlreadyUsed
FN:10,createUser
FN:14,findUserByEmailAndPassword
FN:18,updatePasswordByEmail
FN:22,getAllInformationAboutUser
FN:27,updatePhoneAndNameOfUser
FN:31,getUserIdByEmailAndPassword
FN:36,getUserByEmail
FN:41,forgotPassword
FN:47,deletePasswordByEmailAndPassword
FN:51,makeKey
FNF:11
FNH:11
FNDA:2,isEmailAlreadyUsed
FNDA:20,createUser
FNDA:14,findUserByEmailAndPassword
FNDA:4,updatePasswordByEmail
FNDA:3,getAllInformationAboutUser
FNDA:2,updatePhoneAndNameOfUser
FNDA:12,getUserIdByEmailAndPassword
FNDA:4,getUserByEmail
FNDA:2,forgotPassword
FNDA:17,deletePasswordByEmailAndPassword
FNDA:2,makeKey
DA:3,1
DA:4,1
DA:7,2
DA:11,20
DA:15,14
DA:19,4
DA:23,3
DA:24,3
DA:28,2
DA:32,12
DA:33,12
DA:37,4
DA:38,4
DA:42,2
DA:43,2
DA:44,2
DA:48,17
DA:52,2
DA:53,2
DA:54,2
DA:55,20
DA:57,2
DA:60,1
LF:23
LH:23
BRDA:38,0,0,4
BRDA:38,0,1,0
BRF:2
BRH:1
end_of_record
